================================================================
== Design Size Report
================================================================

* Total Instructions per Compilation Phase
+---------------+-----------------------------+--------------+----------------------------------------------------------------------------------------+
| Phase         | Step                        | Instructions | Description                                                                            |
+---------------+-----------------------------+--------------+----------------------------------------------------------------------------------------+
| Compile/Link  |                             | 5,524        | After all functions are compiled and linked into a single design                       |
|               |                             |              |                                                                                        |
| Unroll/Inline |                             |              | After user unroll and inline pragmas are applied                                       |
|               | (1) unroll                  | 2,152        | user unroll pragmas are applied                                                        |
|               | (2) simplification          | 1,077        | simplification of applied user unroll pragmas                                          |
|               | (3) inline                  | 1,098        | user inline pragmas are applied                                                        |
|               | (4) simplification          |   924        | simplification of applied user inline pragmas                                          |
|               |                             |              |                                                                                        |
| Array/Struct  |                             |              | After user array partition and struct aggregate/disaggregate pragmas are applied       |
|               | (1) array partition         | 1,339        | user array partition pragmas are applied                                               |
|               | (2) simplification          | 1,180        | simplification of applied user array partition & struct aggregate/disaggregate pragmas |
|               | (3) aggregate/disaggregate  | 1,180        | user struct aggregate/disaggregate pragmas are applied                                 |
|               | (4) array reshape           | 1,171        | apply array reshape pragmas                                                            |
|               | (5) access patterns         | 1,162        | array access pattern optmizations                                                      |
|               |                             |              |                                                                                        |
| Performance   |                             |              | After transformations are applied to meet performance pragma targets                   |
|               | (1) loop simplification     | 1,141        | loop and instruction simplification                                                    |
|               | (2) parallelization         | 1,135        | loops are unrolled or pipelined to meet performance targets                            |
|               | (3) array partition         | 1,135        | arrays are partitioned to meet performance targets                                     |
|               | (4) simplification          | 1,135        | simplification of design after performance transformations                             |
|               |                             |              |                                                                                        |
| HW Transforms |                             |              | After hardware transfomations                                                          |
|               | (1) lowering                | 1,187        | initial conversion to HW specific instructions                                         |
|               | (2) optimizations           | 1,324        | high level synthesis optimizations                                                     |
+---------------+-----------------------------+--------------+----------------------------------------------------------------------------------------+

* Instructions per Function for each Compilation Phase
+--------------------------------+-------------------+-----------------+---------------+----------------+----------------+----------------+
| Function                       | Location          | Compile/Link    | Unroll/Inline | Array/Struct   | Performance    | HW Transforms  |
+--------------------------------+-------------------+-----------------+---------------+----------------+----------------+----------------+
| + axi4_lu_forward              | LU.cpp:136        | 5,524           | 924           | 1,162          | 1,135          | 1,324          |
|  + luDecomposition             | LU.cpp:91         | 3,135           | 582           |  799           |  772           |  838           |
|     base_iteration             | LU.cpp:12         |   42            |  34           |   34           |   34           |   35           |
|   + find_and_swap_pivot        | LU.cpp:25         | 2,894           | 216 (3 calls) |  219 (3 calls) |  213 (3 calls) |  213 (3 calls) |
|    + fabs                      | fabsfloat.cpp:6   | 2,814 (3 calls) |               |                |                |                |
|     + generic_fabs<float>      | hls_fabs.h:12     | 2,808 (3 calls) |               |                |                |                |
|      + generic_copysign<float> | hls_copysign.h:10 | 2,802 (3 calls) |               |                |                |                |
|         fp_struct              | x_hls_utils.h:283 | 1,866 (6 calls) |               |                |                |                |
|       + to_ieee                | x_hls_utils.h:346 |  882 (3 calls)  |               |                |                |                |
|        + to_float              | x_hls_utils.h:322 |  876 (3 calls)  |               |                |                |                |
|           data                 | x_hls_utils.h:309 |  822 (3 calls)  |               |                |                |                |
|     process_U_row              | LU.cpp:51         |   43            |  96 (3 calls) |  171 (3 calls) |  168 (3 calls) |  207 (3 calls) |
|     process_L_column           | LU.cpp:64         |   55            | 120 (3 calls) |  258 (3 calls) |  240 (3 calls) |  264 (3 calls) |
|     extract_LU                 | LU.cpp:78         |   72            |  97           |   97           |   97           |   98           |
|    forwardSubstitution         | LU.cpp:114        |   53            |  85           |   85           |   73           |   74           |
+--------------------------------+-------------------+-----------------+---------------+----------------+----------------+----------------+

* Design Size Message Settings
+---------------------------------------------+--------+------------------------------------------------------------------+
| Message Setting                             | Value  | Description                                                      |
+---------------------------------------------+--------+------------------------------------------------------------------+
| config_compile -design_size_maximum_warning | 100000 | Show a warning when total design instructions exceeds this value |
+---------------------------------------------+--------+------------------------------------------------------------------+


