

================================================================
== Vitis HLS Report for 'luDecomposition'
================================================================
* Date:           Fri Oct 17 17:44:03 2025

* Version:        2023.2 (Build 4023990 on Oct 11 2023)
* Project:        LU_inversion
* Solution:       solution1 (Vivado IP Flow Target)
* Product family: zynq
* Target device:  xc7z020-clg400-1


================================================================
== Performance Estimates
================================================================
+ Timing: 
    * Summary: 
    +--------+----------+----------+------------+
    |  Clock |  Target  | Estimated| Uncertainty|
    +--------+----------+----------+------------+
    |ap_clk  |  10.00 ns|  7.256 ns|     2.70 ns|
    +--------+----------+----------+------------+

+ Latency: 
    * Summary: 
    +---------+---------+----------+----------+-----+-----+---------+
    |  Latency (cycles) |  Latency (absolute) |  Interval | Pipeline|
    |   min   |   max   |    min   |    max   | min | max |   Type  |
    +---------+---------+----------+----------+-----+-----+---------+
    |        ?|        ?|         ?|         ?|    ?|    ?|       no|
    +---------+---------+----------+----------+-----+-----+---------+

    + Detail: 
        * Instance: 
        +--------------------------------+---------------------+---------+---------+-----------+-----------+-----+-----+---------+
        |                                |                     |  Latency (cycles) |   Latency (absolute)  |  Interval | Pipeline|
        |            Instance            |        Module       |   min   |   max   |    min    |    max    | min | max |   Type  |
        +--------------------------------+---------------------+---------+---------+-----------+-----------+-----+-----+---------+
        |grp_base_iteration_fu_168       |base_iteration       |       19|       19|   0.190 us|   0.190 us|    4|    4|      yes|
        |grp_find_and_swap_pivot_fu_174  |find_and_swap_pivot  |        ?|        ?|          ?|          ?|    ?|    ?|       no|
        |grp_process_U_row_fu_200        |process_U_row        |        ?|        ?|          ?|          ?|    ?|    ?|       no|
        |grp_process_L_column_fu_241     |process_L_column     |        ?|        ?|          ?|          ?|    ?|    ?|       no|
        |grp_extract_LU_fu_279           |extract_LU           |        3|        3|  30.000 ns|  30.000 ns|    3|    3|      yes|
        +--------------------------------+---------------------+---------+---------+-----------+-----------+-----+-----+---------+

        * Loop: 
        N/A



================================================================
== Utilization Estimates
================================================================
* Summary: 
+-----------------+---------+-----+--------+-------+-----+
|       Name      | BRAM_18K| DSP |   FF   |  LUT  | URAM|
+-----------------+---------+-----+--------+-------+-----+
|DSP              |        -|    -|       -|      -|    -|
|Expression       |        -|    -|       -|      -|    -|
|FIFO             |        -|    -|       -|      -|    -|
|Instance         |        -|   10|    2785|   3752|    -|
|Memory           |        -|    -|       -|      -|    -|
|Multiplexer      |        -|    -|       -|    667|    -|
|Register         |        -|    -|    2094|      -|    -|
+-----------------+---------+-----+--------+-------+-----+
|Total            |        0|   10|    4879|   4419|    0|
+-----------------+---------+-----+--------+-------+-----+
|Available        |      280|  220|  106400|  53200|    0|
+-----------------+---------+-----+--------+-------+-----+
|Utilization (%)  |        0|    4|       4|      8|    0|
+-----------------+---------+-----+--------+-------+-----+

+ Detail: 
    * Instance: 
    +--------------------------------+---------------------+---------+----+-----+------+-----+
    |            Instance            |        Module       | BRAM_18K| DSP|  FF |  LUT | URAM|
    +--------------------------------+---------------------+---------+----+-----+------+-----+
    |grp_base_iteration_fu_168       |base_iteration       |        0|   0|  297|   133|    0|
    |grp_extract_LU_fu_279           |extract_LU           |        0|   0|  133|    80|    0|
    |grp_find_and_swap_pivot_fu_174  |find_and_swap_pivot  |        0|   0|  652|   858|    0|
    |grp_process_L_column_fu_241     |process_L_column     |        0|   5|  747|  1375|    0|
    |grp_process_U_row_fu_200        |process_U_row        |        0|   5|  956|  1306|    0|
    +--------------------------------+---------------------+---------+----+-----+------+-----+
    |Total                           |                     |        0|  10| 2785|  3752|    0|
    +--------------------------------+---------------------+---------+----+-----+------+-----+

    * DSP: 
    N/A

    * Memory: 
    N/A

    * FIFO: 
    N/A

    * Expression: 
    N/A

    * Multiplexer: 
    +-----------------------------------------+-----+-----------+-----+-----------+
    |                   Name                  | LUT | Input Size| Bits| Total Bits|
    +-----------------------------------------+-----+-----------+-----+-----------+
    |A_address0                               |   31|          6|    4|         24|
    |A_address1                               |   20|          4|    4|         16|
    |A_ce0                                    |   31|          6|    1|          6|
    |A_ce1                                    |   20|          4|    1|          4|
    |A_we0                                    |    9|          2|    1|          2|
    |A_we1                                    |    9|          2|    1|          2|
    |ap_NS_fsm                                |  189|         43|    1|         43|
    |ap_return_0                              |    9|          2|   32|         64|
    |ap_return_1                              |    9|          2|   32|         64|
    |ap_return_2                              |    9|          2|   32|         64|
    |ap_return_3                              |    9|          2|   32|         64|
    |ap_return_4                              |    9|          2|   32|         64|
    |ap_return_5                              |    9|          2|   32|         64|
    |ap_return_6                              |    9|          2|   32|         64|
    |ap_return_7                              |    9|          2|   32|         64|
    |ap_return_8                              |    9|          2|   32|         64|
    |ap_return_9                              |    9|          2|   32|         64|
    |grp_find_and_swap_pivot_fu_174_P12_read  |   14|          3|   32|         96|
    |grp_find_and_swap_pivot_fu_174_P2_read   |   14|          3|   32|         96|
    |grp_find_and_swap_pivot_fu_174_P3_read   |   14|          3|   32|         96|
    |grp_find_and_swap_pivot_fu_174_P_read_r  |   14|          3|   32|         96|
    |grp_find_and_swap_pivot_fu_174_k         |   20|          4|    2|          8|
    |grp_find_and_swap_pivot_fu_174_p_read    |   14|          3|   32|         96|
    |grp_find_and_swap_pivot_fu_174_p_read1   |   14|          3|   32|         96|
    |grp_find_and_swap_pivot_fu_174_p_read2   |   14|          3|   32|         96|
    |grp_find_and_swap_pivot_fu_174_p_read3   |   14|          3|   32|         96|
    |grp_process_L_column_fu_241_k            |   20|          4|    2|          8|
    |grp_process_U_row_fu_200_k               |   20|          4|    2|          8|
    |grp_process_U_row_fu_200_p_read          |   14|          3|   32|         96|
    |grp_process_U_row_fu_200_p_read1         |   14|          3|   32|         96|
    |grp_process_U_row_fu_200_p_read2         |   14|          3|   32|         96|
    |grp_process_U_row_fu_200_p_read3         |    9|          2|   32|         64|
    |grp_process_U_row_fu_200_p_read4         |    9|          2|   32|         64|
    |grp_process_U_row_fu_200_p_read5         |    9|          2|   32|         64|
    |grp_process_U_row_fu_200_p_read6         |    9|          2|   32|         64|
    |grp_process_U_row_fu_200_p_read7         |    9|          2|   32|         64|
    |grp_process_U_row_fu_200_p_read8         |    9|          2|   32|         64|
    +-----------------------------------------+-----+-----------+-----+-----------+
    |Total                                    |  667|        144|  883|       2201|
    +-----------------------------------------+-----+-----------+-----+-----------+

    * Register: 
    +---------------------------------------------+----+----+-----+-----------+
    |                     Name                    | FF | LUT| Bits| Const Bits|
    +---------------------------------------------+----+----+-----+-----------+
    |L_01_loc_fu_160                              |  32|   0|   32|          0|
    |L_02_loc_fu_156                              |  32|   0|   32|          0|
    |L_03_loc_fu_152                              |  32|   0|   32|          0|
    |L_14_loc_fu_128                              |  32|   0|   32|          0|
    |L_15_loc_fu_124                              |  32|   0|   32|          0|
    |L_16_loc_fu_120                              |  32|   0|   32|          0|
    |L_1_loc_fu_132                               |  32|   0|   32|          0|
    |L_27_loc_fu_112                              |  32|   0|   32|          0|
    |L_28_loc_fu_108                              |  32|   0|   32|          0|
    |L_29_loc_fu_104                              |  32|   0|   32|          0|
    |L_2_loc_fu_116                               |  32|   0|   32|          0|
    |U_013_loc_fu_84                              |  32|   0|   32|          0|
    |U_014_loc_fu_80                              |  32|   0|   32|          0|
    |U_0_loc_fu_148                               |  32|   0|   32|          0|
    |U_116_loc_fu_72                              |  32|   0|   32|          0|
    |U_117_loc_fu_68                              |  32|   0|   32|          0|
    |U_118_loc_fu_64                              |  32|   0|   32|          0|
    |U_1_loc_fu_144                               |  32|   0|   32|          0|
    |U_219_loc_fu_60                              |  32|   0|   32|          0|
    |U_220_loc_fu_56                              |  32|   0|   32|          0|
    |U_221_loc_fu_52                              |  32|   0|   32|          0|
    |U_2_loc_fu_140                               |  32|   0|   32|          0|
    |U_322_loc_fu_48                              |  32|   0|   32|          0|
    |U_323_loc_fu_44                              |  32|   0|   32|          0|
    |U_324_loc_fu_40                              |  32|   0|   32|          0|
    |U_3_loc_fu_136                               |  32|   0|   32|          0|
    |ap_CS_fsm                                    |  42|   0|   42|          0|
    |ap_return_0_preg                             |  32|   0|   32|          0|
    |ap_return_1_preg                             |  32|   0|   32|          0|
    |ap_return_2_preg                             |  32|   0|   32|          0|
    |ap_return_3_preg                             |  32|   0|   32|          0|
    |ap_return_4_preg                             |  32|   0|   32|          0|
    |ap_return_5_preg                             |  32|   0|   32|          0|
    |ap_return_6_preg                             |  32|   0|   32|          0|
    |ap_return_7_preg                             |  32|   0|   32|          0|
    |ap_return_8_preg                             |  32|   0|   32|          0|
    |ap_return_9_preg                             |  32|   0|   32|          0|
    |grp_extract_LU_fu_279_ap_start_reg           |   1|   0|    1|          0|
    |grp_find_and_swap_pivot_fu_174_ap_start_reg  |   1|   0|    1|          0|
    |grp_process_L_column_fu_241_ap_start_reg     |   1|   0|    1|          0|
    |grp_process_U_row_fu_200_ap_start_reg        |   1|   0|    1|          0|
    |newret1_reg_860                              |  32|   0|   32|          0|
    |newret2_reg_865                              |  32|   0|   32|          0|
    |newret_reg_855                               |  32|   0|   32|          0|
    |reg_385                                      |  32|   0|   32|          0|
    |reg_391                                      |  32|   0|   32|          0|
    |reg_397                                      |  32|   0|   32|          0|
    |reg_403                                      |  32|   0|   32|          0|
    |reg_409                                      |  32|   0|   32|          0|
    |reg_414                                      |  32|   0|   32|          0|
    |reg_419                                      |  32|   0|   32|          0|
    |reg_424                                      |  32|   0|   32|          0|
    |reg_429                                      |  32|   0|   32|          0|
    |reg_434                                      |  32|   0|   32|          0|
    |reg_439                                      |  32|   0|   32|          0|
    |reg_444                                      |  32|   0|   32|          0|
    |reg_449                                      |  32|   0|   32|          0|
    |reg_454                                      |  32|   0|   32|          0|
    |reg_459                                      |  32|   0|   32|          0|
    |reg_464                                      |  32|   0|   32|          0|
    |reg_469                                      |  32|   0|   32|          0|
    |reg_474                                      |  32|   0|   32|          0|
    |reg_479                                      |  32|   0|   32|          0|
    |reg_484                                      |  32|   0|   32|          0|
    |reg_489                                      |  32|   0|   32|          0|
    |reg_494                                      |  32|   0|   32|          0|
    |reg_499                                      |  32|   0|   32|          0|
    |reg_504                                      |  32|   0|   32|          0|
    |reg_509                                      |  32|   0|   32|          0|
    +---------------------------------------------+----+----+-----+-----------+
    |Total                                        |2094|   0| 2094|          0|
    +---------------------------------------------+----+----+-----+-----------+



================================================================
== Interface
================================================================
* Summary: 
+-------------+-----+-----+------------+-----------------+--------------+
|  RTL Ports  | Dir | Bits|  Protocol  |  Source Object  |    C Type    |
+-------------+-----+-----+------------+-----------------+--------------+
|ap_clk       |   in|    1|  ap_ctrl_hs|  luDecomposition|  return value|
|ap_rst       |   in|    1|  ap_ctrl_hs|  luDecomposition|  return value|
|ap_start     |   in|    1|  ap_ctrl_hs|  luDecomposition|  return value|
|ap_done      |  out|    1|  ap_ctrl_hs|  luDecomposition|  return value|
|ap_idle      |  out|    1|  ap_ctrl_hs|  luDecomposition|  return value|
|ap_ready     |  out|    1|  ap_ctrl_hs|  luDecomposition|  return value|
|ap_return_0  |  out|   32|  ap_ctrl_hs|  luDecomposition|  return value|
|ap_return_1  |  out|   32|  ap_ctrl_hs|  luDecomposition|  return value|
|ap_return_2  |  out|   32|  ap_ctrl_hs|  luDecomposition|  return value|
|ap_return_3  |  out|   32|  ap_ctrl_hs|  luDecomposition|  return value|
|ap_return_4  |  out|   32|  ap_ctrl_hs|  luDecomposition|  return value|
|ap_return_5  |  out|   32|  ap_ctrl_hs|  luDecomposition|  return value|
|ap_return_6  |  out|   32|  ap_ctrl_hs|  luDecomposition|  return value|
|ap_return_7  |  out|   32|  ap_ctrl_hs|  luDecomposition|  return value|
|ap_return_8  |  out|   32|  ap_ctrl_hs|  luDecomposition|  return value|
|ap_return_9  |  out|   32|  ap_ctrl_hs|  luDecomposition|  return value|
|A_address0   |  out|    4|   ap_memory|                A|         array|
|A_ce0        |  out|    1|   ap_memory|                A|         array|
|A_we0        |  out|    1|   ap_memory|                A|         array|
|A_d0         |  out|   32|   ap_memory|                A|         array|
|A_q0         |   in|   32|   ap_memory|                A|         array|
|A_address1   |  out|    4|   ap_memory|                A|         array|
|A_ce1        |  out|    1|   ap_memory|                A|         array|
|A_we1        |  out|    1|   ap_memory|                A|         array|
|A_d1         |  out|   32|   ap_memory|                A|         array|
|A_q1         |   in|   32|   ap_memory|                A|         array|
+-------------+-----+-----+------------+-----------------+--------------+

