

================================================================
== Vitis HLS Report for 'process_L_column'
================================================================
* Date:           Fri Oct 17 17:44:01 2025

* Version:        2023.2 (Build 4023990 on Oct 11 2023)
* Project:        LU_inversion
* Solution:       solution1 (Vivado IP Flow Target)
* Product family: zynq
* Target device:  xc7z020-clg400-1


================================================================
== Performance Estimates
================================================================
+ Timing: 
    * Summary: 
    +--------+----------+----------+------------+
    |  Clock |  Target  | Estimated| Uncertainty|
    +--------+----------+----------+------------+
    |ap_clk  |  10.00 ns|  7.256 ns|     2.70 ns|
    +--------+----------+----------+------------+

+ Latency: 
    * Summary: 
    +---------+---------+----------+----------+-----+-----+---------+
    |  Latency (cycles) |  Latency (absolute) |  Interval | Pipeline|
    |   min   |   max   |    min   |    max   | min | max |   Type  |
    +---------+---------+----------+----------+-----+-----+---------+
    |        ?|        ?|         ?|         ?|    ?|    ?|       no|
    +---------+---------+----------+----------+-----+-----+---------+

    + Detail: 
        * Instance: 
        N/A

        * Loop: 
        +--------------------+---------+---------+----------+-----------+-----------+-------+----------+
        |                    |  Latency (cycles) | Iteration|  Initiation Interval  |  Trip |          |
        |      Loop Name     |   min   |   max   |  Latency |  achieved |   target  | Count | Pipelined|
        +--------------------+---------+---------+----------+-----------+-----------+-------+----------+
        |- VITIS_LOOP_66_1   |        ?|        ?|   34 ~ 54|          -|          -|      ?|        no|
        | + VITIS_LOOP_69_2  |       10|       30|        10|          -|          -|  1 ~ 3|        no|
        +--------------------+---------+---------+----------+-----------+-----------+-------+----------+



================================================================
== Utilization Estimates
================================================================
* Summary: 
+-----------------+---------+-----+--------+-------+-----+
|       Name      | BRAM_18K| DSP |   FF   |  LUT  | URAM|
+-----------------+---------+-----+--------+-------+-----+
|DSP              |        -|    -|       -|      -|    -|
|Expression       |        -|    -|       0|    122|    -|
|FIFO             |        -|    -|       -|      -|    -|
|Instance         |        -|    5|     348|    933|    -|
|Memory           |        -|    -|       -|      -|    -|
|Multiplexer      |        -|    -|       -|    320|    -|
|Register         |        -|    -|     399|      -|    -|
+-----------------+---------+-----+--------+-------+-----+
|Total            |        0|    5|     747|   1375|    0|
+-----------------+---------+-----+--------+-------+-----+
|Available        |      280|  220|  106400|  53200|    0|
+-----------------+---------+-----+--------+-------+-----+
|Utilization (%)  |        0|    2|      ~0|      2|    0|
+-----------------+---------+-----+--------+-------+-----+

+ Detail: 
    * Instance: 
    +----------------------------------------+------------------------------------+---------+----+-----+-----+-----+
    |                Instance                |               Module               | BRAM_18K| DSP|  FF | LUT | URAM|
    +----------------------------------------+------------------------------------+---------+----+-----+-----+-----+
    |faddfsub_32ns_32ns_32_5_full_dsp_1_U61  |faddfsub_32ns_32ns_32_5_full_dsp_1  |        0|   2|  205|  390|    0|
    |fdiv_32ns_32ns_32_16_no_dsp_1_U63       |fdiv_32ns_32ns_32_16_no_dsp_1       |        0|   0|    0|    0|    0|
    |fmul_32ns_32ns_32_4_max_dsp_1_U62       |fmul_32ns_32ns_32_4_max_dsp_1       |        0|   3|  143|  321|    0|
    |mux_4_2_32_1_1_U64                      |mux_4_2_32_1_1                      |        0|   0|    0|   20|    0|
    |mux_4_2_32_1_1_U65                      |mux_4_2_32_1_1                      |        0|   0|    0|   20|    0|
    |mux_4_2_32_1_1_U66                      |mux_4_2_32_1_1                      |        0|   0|    0|   20|    0|
    |mux_4_2_32_1_1_U68                      |mux_4_2_32_1_1                      |        0|   0|    0|   20|    0|
    |mux_4_2_32_1_1_U69                      |mux_4_2_32_1_1                      |        0|   0|    0|   20|    0|
    |mux_4_2_32_1_1_U70                      |mux_4_2_32_1_1                      |        0|   0|    0|   20|    0|
    |mux_4_2_32_1_1_U72                      |mux_4_2_32_1_1                      |        0|   0|    0|   20|    0|
    |mux_4_2_32_1_1_U73                      |mux_4_2_32_1_1                      |        0|   0|    0|   20|    0|
    |mux_4_2_32_1_1_U74                      |mux_4_2_32_1_1                      |        0|   0|    0|   20|    0|
    |sparsemux_7_2_32_1_1_U71                |sparsemux_7_2_32_1_1                |        0|   0|    0|   14|    0|
    |sparsemux_7_2_32_1_1_x_U67              |sparsemux_7_2_32_1_1_x              |        0|   0|    0|   14|    0|
    |sparsemux_7_2_32_1_1_x_U75              |sparsemux_7_2_32_1_1_x              |        0|   0|    0|   14|    0|
    +----------------------------------------+------------------------------------+---------+----+-----+-----+-----+
    |Total                                   |                                    |        0|   5|  348|  933|    0|
    +----------------------------------------+------------------------------------+---------+----+-----+-----+-----+

    * DSP: 
    N/A

    * Memory: 
    N/A

    * FIFO: 
    N/A

    * Expression: 
    +-----------------------+----------+----+---+----+------------+------------+
    |     Variable Name     | Operation| DSP| FF| LUT| Bitwidth P0| Bitwidth P1|
    +-----------------------+----------+----+---+----+------------+------------+
    |add_ln66_fu_658_p2     |         +|   0|  0|  40|          33|           1|
    |add_ln69_fu_583_p2     |         +|   0|  0|  10|           2|           1|
    |i_fu_422_p2            |         +|   0|  0|  11|           3|           1|
    |icmp_ln66_fu_510_p2    |      icmp|   0|  0|  39|          32|           3|
    |icmp_ln69_1_fu_578_p2  |      icmp|   0|  0|  10|           2|           2|
    |icmp_ln69_fu_566_p2    |      icmp|   0|  0|  10|           2|           1|
    |select_ln69_fu_571_p3  |    select|   0|  0|   2|           1|           2|
    +-----------------------+----------+----+---+----+------------+------------+
    |Total                  |          |   0|  0| 122|          75|          11|
    +-----------------------+----------+----+---+----+------------+------------+

    * Multiplexer: 
    +-------------------+-----+-----------+-----+-----------+
    |        Name       | LUT | Input Size| Bits| Total Bits|
    +-------------------+-----+-----------+-----+-----------+
    |L_14_o             |   14|          3|   32|         96|
    |L_15_o             |    9|          2|   32|         64|
    |L_16_o             |    9|          2|   32|         64|
    |L_1_o              |    9|          2|   32|         64|
    |L_27_o             |    9|          2|   32|         64|
    |L_28_o             |   14|          3|   32|         96|
    |L_29_o             |    9|          2|   32|         64|
    |L_2_o              |    9|          2|   32|         64|
    |L_312              |   14|          3|   32|         96|
    |ap_NS_fsm          |  155|         35|    1|         35|
    |grp_fu_392_opcode  |   14|          3|    2|          6|
    |grp_fu_392_p0      |   14|          3|   32|         96|
    |grp_fu_392_p1      |   14|          3|   32|         96|
    |i_1_fu_116         |    9|          2|   33|         66|
    |p_reg_369          |    9|          2|    2|          4|
    |sum_reg_380        |    9|          2|   32|         64|
    +-------------------+-----+-----------+-----+-----------+
    |Total              |  320|         71|  422|       1039|
    +-------------------+-----+-----------+-----+-----------+

    * Register: 
    +---------------------+----+----+-----+-----------+
    |         Name        | FF | LUT| Bits| Const Bits|
    +---------------------+----+----+-----+-----------+
    |A_addr_reg_763       |   4|   0|    4|          0|
    |A_load_reg_816       |  32|   0|   32|          0|
    |add_ln69_reg_791     |   2|   0|    2|          0|
    |ap_CS_fsm            |  34|   0|   34|          0|
    |i_1_fu_116           |  33|   0|   33|          0|
    |mul_reg_806          |  32|   0|   32|          0|
    |p_reg_369            |   2|   0|    2|          0|
    |select_ln69_reg_783  |   2|   0|    2|          0|
    |sub_reg_821          |  32|   0|   32|          0|
    |sum_reg_380          |  32|   0|   32|          0|
    |tmp_2_reg_796        |  32|   0|   32|          0|
    |tmp_3_reg_801        |  32|   0|   32|          0|
    |tmp_4_reg_768        |  32|   0|   32|          0|
    |tmp_5_reg_773        |  32|   0|   32|          0|
    |tmp_6_reg_778        |  32|   0|   32|          0|
    |tmp_reg_728          |  32|   0|   32|          0|
    |trunc_ln66_reg_756   |   2|   0|    2|          0|
    +---------------------+----+----+-----+-----------+
    |Total                | 399|   0|  399|          0|
    +---------------------+----+----+-----+-----------+



================================================================
== Interface
================================================================
* Summary: 
+---------------+-----+-----+------------+------------------+--------------+
|   RTL Ports   | Dir | Bits|  Protocol  |   Source Object  |    C Type    |
+---------------+-----+-----+------------+------------------+--------------+
|ap_clk         |   in|    1|  ap_ctrl_hs|  process_L_column|  return value|
|ap_rst         |   in|    1|  ap_ctrl_hs|  process_L_column|  return value|
|ap_start       |   in|    1|  ap_ctrl_hs|  process_L_column|  return value|
|ap_done        |  out|    1|  ap_ctrl_hs|  process_L_column|  return value|
|ap_idle        |  out|    1|  ap_ctrl_hs|  process_L_column|  return value|
|ap_ready       |  out|    1|  ap_ctrl_hs|  process_L_column|  return value|
|A_address0     |  out|    4|   ap_memory|                 A|         array|
|A_ce0          |  out|    1|   ap_memory|                 A|         array|
|A_q0           |   in|   32|   ap_memory|                 A|         array|
|L_0            |   in|   32|     ap_none|               L_0|       pointer|
|L_01           |   in|   32|     ap_none|              L_01|       pointer|
|L_02           |   in|   32|     ap_none|              L_02|       pointer|
|L_03           |   in|   32|     ap_none|              L_03|       pointer|
|L_1_i          |   in|   32|     ap_ovld|               L_1|       pointer|
|L_1_o          |  out|   32|     ap_ovld|               L_1|       pointer|
|L_1_o_ap_vld   |  out|    1|     ap_ovld|               L_1|       pointer|
|L_14_i         |   in|   32|     ap_ovld|              L_14|       pointer|
|L_14_o         |  out|   32|     ap_ovld|              L_14|       pointer|
|L_14_o_ap_vld  |  out|    1|     ap_ovld|              L_14|       pointer|
|L_15_i         |   in|   32|     ap_ovld|              L_15|       pointer|
|L_15_o         |  out|   32|     ap_ovld|              L_15|       pointer|
|L_15_o_ap_vld  |  out|    1|     ap_ovld|              L_15|       pointer|
|L_16_i         |   in|   32|     ap_ovld|              L_16|       pointer|
|L_16_o         |  out|   32|     ap_ovld|              L_16|       pointer|
|L_16_o_ap_vld  |  out|    1|     ap_ovld|              L_16|       pointer|
|L_2_i          |   in|   32|     ap_ovld|               L_2|       pointer|
|L_2_o          |  out|   32|     ap_ovld|               L_2|       pointer|
|L_2_o_ap_vld   |  out|    1|     ap_ovld|               L_2|       pointer|
|L_27_i         |   in|   32|     ap_ovld|              L_27|       pointer|
|L_27_o         |  out|   32|     ap_ovld|              L_27|       pointer|
|L_27_o_ap_vld  |  out|    1|     ap_ovld|              L_27|       pointer|
|L_28_i         |   in|   32|     ap_ovld|              L_28|       pointer|
|L_28_o         |  out|   32|     ap_ovld|              L_28|       pointer|
|L_28_o_ap_vld  |  out|    1|     ap_ovld|              L_28|       pointer|
|L_29_i         |   in|   32|     ap_ovld|              L_29|       pointer|
|L_29_o         |  out|   32|     ap_ovld|              L_29|       pointer|
|L_29_o_ap_vld  |  out|    1|     ap_ovld|              L_29|       pointer|
|L_3            |  out|   32|      ap_vld|               L_3|       pointer|
|L_3_ap_vld     |  out|    1|      ap_vld|               L_3|       pointer|
|L_310          |  out|   32|      ap_vld|             L_310|       pointer|
|L_310_ap_vld   |  out|    1|      ap_vld|             L_310|       pointer|
|L_311          |  out|   32|      ap_vld|             L_311|       pointer|
|L_311_ap_vld   |  out|    1|      ap_vld|             L_311|       pointer|
|L_312          |  out|   32|      ap_vld|             L_312|       pointer|
|L_312_ap_vld   |  out|    1|      ap_vld|             L_312|       pointer|
|p_read         |   in|   32|     ap_none|            p_read|        scalar|
|p_read1        |   in|   32|     ap_none|           p_read1|        scalar|
|p_read2        |   in|   32|     ap_none|           p_read2|        scalar|
|p_read3        |   in|   32|     ap_none|           p_read3|        scalar|
|p_read4        |   in|   32|     ap_none|           p_read4|        scalar|
|p_read5        |   in|   32|     ap_none|           p_read5|        scalar|
|p_read6        |   in|   32|     ap_none|           p_read6|        scalar|
|p_read7        |   in|   32|     ap_none|           p_read7|        scalar|
|p_read8        |   in|   32|     ap_none|           p_read8|        scalar|
|p_read9        |   in|   32|     ap_none|           p_read9|        scalar|
|p_read10       |   in|   32|     ap_none|          p_read10|        scalar|
|p_read11       |   in|   32|     ap_none|          p_read11|        scalar|
|k              |   in|    2|     ap_none|                 k|        scalar|
+---------------+-----+-----+------------+------------------+--------------+

