C:\Users\varad\OneDrive\Documents\GitHub\Matrix_Inversion\Vitis_HLS\LU_inversion\solution1\.autopilot\db\LU.pp.0.cpp:6160:7: warning: Added loop label VITIS_LOOP_1207_1:   [xilinx-label-all-loops]
      for (i = 0; i < __N - 1; ++i) {
      ^~~
      VITIS_LOOP_1207_1: 
C:\Users\varad\OneDrive\Documents\GitHub\Matrix_Inversion\Vitis_HLS\LU_inversion\solution1\.autopilot\db\LU.pp.0.cpp:6160:7: note: FIX-IT applied suggested code changes
C:\Users\varad\OneDrive\Documents\GitHub\Matrix_Inversion\Vitis_HLS\LU_inversion\solution1\.autopilot\db\LU.pp.0.cpp:7134:5: warning: Added loop label VITIS_LOOP_676_1:   [xilinx-label-all-loops]
    for (unsigned i = low; i != high; ++i) {
    ^~~
    VITIS_LOOP_676_1: 
C:\Users\varad\OneDrive\Documents\GitHub\Matrix_Inversion\Vitis_HLS\LU_inversion\solution1\.autopilot\db\LU.pp.0.cpp:7134:5: note: FIX-IT applied suggested code changes
C:\Users\varad\OneDrive\Documents\GitHub\Matrix_Inversion\Vitis_HLS\LU_inversion\solution1\.autopilot\db\LU.pp.0.cpp:7148:5: warning: Added loop label VITIS_LOOP_690_1:   [xilinx-label-all-loops]
    for (unsigned i = low; i != high; ++i) {
    ^~~
    VITIS_LOOP_690_1: 
C:\Users\varad\OneDrive\Documents\GitHub\Matrix_Inversion\Vitis_HLS\LU_inversion\solution1\.autopilot\db\LU.pp.0.cpp:7148:5: note: FIX-IT applied suggested code changes
C:\Users\varad\OneDrive\Documents\GitHub\Matrix_Inversion\Vitis_HLS\LU_inversion\solution1\.autopilot\db\LU.pp.0.cpp:7162:5: warning: Added loop label VITIS_LOOP_704_1:   [xilinx-label-all-loops]
    for (unsigned i = low; i != high; ++i) {
    ^~~
    VITIS_LOOP_704_1: 
C:\Users\varad\OneDrive\Documents\GitHub\Matrix_Inversion\Vitis_HLS\LU_inversion\solution1\.autopilot\db\LU.pp.0.cpp:7162:5: note: FIX-IT applied suggested code changes
C:\Users\varad\OneDrive\Documents\GitHub\Matrix_Inversion\Vitis_HLS\LU_inversion\solution1\.autopilot\db\LU.pp.0.cpp:8779:7: warning: Added loop label VITIS_LOOP_1247_1:   [xilinx-label-all-loops]
      for (i = 0; i < __N - 1; ++i) {
      ^~~
      VITIS_LOOP_1247_1: 
C:\Users\varad\OneDrive\Documents\GitHub\Matrix_Inversion\Vitis_HLS\LU_inversion\solution1\.autopilot\db\LU.pp.0.cpp:8779:7: note: FIX-IT applied suggested code changes
C:\Users\varad\OneDrive\Documents\GitHub\Matrix_Inversion\Vitis_HLS\LU_inversion\solution1\.autopilot\db\LU.pp.0.cpp:12915:72: error: Invalid Directive: for current device, ROM_1P + LUTRAM is invalid combination for BIND_STORAGE's option 'type + impl' [clang-diagnostic-error]
#pragma HLS BIND_STORAGE variable=fourth_order_double::sin_cos_K0 type=ROM_1P impl=LUTRAM
                                                                       ^
C:\Users\varad\OneDrive\Documents\GitHub\Matrix_Inversion\Vitis_HLS\LU_inversion\solution1\.autopilot\db\LU.pp.0.cpp:12916:72: error: Invalid Directive: for current device, ROM_1P + LUTRAM is invalid combination for BIND_STORAGE's option 'type + impl' [clang-diagnostic-error]
#pragma HLS BIND_STORAGE variable=fourth_order_double::sin_cos_K1 type=ROM_1P impl=LUTRAM
                                                                       ^
C:\Users\varad\OneDrive\Documents\GitHub\Matrix_Inversion\Vitis_HLS\LU_inversion\solution1\.autopilot\db\LU.pp.0.cpp:12917:72: error: Invalid Directive: for current device, ROM_1P + LUTRAM is invalid combination for BIND_STORAGE's option 'type + impl' [clang-diagnostic-error]
#pragma HLS BIND_STORAGE variable=fourth_order_double::sin_cos_K2 type=ROM_1P impl=LUTRAM
                                                                       ^
C:\Users\varad\OneDrive\Documents\GitHub\Matrix_Inversion\Vitis_HLS\LU_inversion\solution1\.autopilot\db\LU.pp.0.cpp:12918:72: error: Invalid Directive: for current device, ROM_1P + LUTRAM is invalid combination for BIND_STORAGE's option 'type + impl' [clang-diagnostic-error]
#pragma HLS BIND_STORAGE variable=fourth_order_double::sin_cos_K3 type=ROM_1P impl=LUTRAM
                                                                       ^
C:\Users\varad\OneDrive\Documents\GitHub\Matrix_Inversion\Vitis_HLS\LU_inversion\solution1\.autopilot\db\LU.pp.0.cpp:12919:72: error: Invalid Directive: for current device, ROM_1P + LUTRAM is invalid combination for BIND_STORAGE's option 'type + impl' [clang-diagnostic-error]
#pragma HLS BIND_STORAGE variable=fourth_order_double::sin_cos_K4 type=ROM_1P impl=LUTRAM
                                                                       ^
C:\Users\varad\OneDrive\Documents\GitHub\Matrix_Inversion\Vitis_HLS\LU_inversion\solution1\.autopilot\db\LU.pp.0.cpp:12949:68: error: Invalid Directive: for current device, ROM_1P + LUTRAM is invalid combination for BIND_STORAGE's option 'type + impl' [clang-diagnostic-error]
#pragma HLS BIND_STORAGE variable=fourth_order_double::cos_K0 type=ROM_1P impl=LUTRAM
                                                                   ^
C:\Users\varad\OneDrive\Documents\GitHub\Matrix_Inversion\Vitis_HLS\LU_inversion\solution1\.autopilot\db\LU.pp.0.cpp:12950:68: error: Invalid Directive: for current device, ROM_1P + LUTRAM is invalid combination for BIND_STORAGE's option 'type + impl' [clang-diagnostic-error]
#pragma HLS BIND_STORAGE variable=fourth_order_double::cos_K1 type=ROM_1P impl=LUTRAM
                                                                   ^
C:\Users\varad\OneDrive\Documents\GitHub\Matrix_Inversion\Vitis_HLS\LU_inversion\solution1\.autopilot\db\LU.pp.0.cpp:12951:68: error: Invalid Directive: for current device, ROM_1P + LUTRAM is invalid combination for BIND_STORAGE's option 'type + impl' [clang-diagnostic-error]
#pragma HLS BIND_STORAGE variable=fourth_order_double::cos_K2 type=ROM_1P impl=LUTRAM
                                                                   ^
C:\Users\varad\OneDrive\Documents\GitHub\Matrix_Inversion\Vitis_HLS\LU_inversion\solution1\.autopilot\db\LU.pp.0.cpp:12952:68: error: Invalid Directive: for current device, ROM_1P + LUTRAM is invalid combination for BIND_STORAGE's option 'type + impl' [clang-diagnostic-error]
#pragma HLS BIND_STORAGE variable=fourth_order_double::cos_K3 type=ROM_1P impl=LUTRAM
                                                                   ^
C:\Users\varad\OneDrive\Documents\GitHub\Matrix_Inversion\Vitis_HLS\LU_inversion\solution1\.autopilot\db\LU.pp.0.cpp:12953:68: error: Invalid Directive: for current device, ROM_1P + LUTRAM is invalid combination for BIND_STORAGE's option 'type + impl' [clang-diagnostic-error]
#pragma HLS BIND_STORAGE variable=fourth_order_double::cos_K4 type=ROM_1P impl=LUTRAM
                                                                   ^
C:\Users\varad\OneDrive\Documents\GitHub\Matrix_Inversion\Vitis_HLS\LU_inversion\solution1\.autopilot\db\LU.pp.0.cpp:12954:68: error: Invalid Directive: for current device, ROM_1P + LUTRAM is invalid combination for BIND_STORAGE's option 'type + impl' [clang-diagnostic-error]
#pragma HLS BIND_STORAGE variable=fourth_order_double::sin_K0 type=ROM_1P impl=LUTRAM
                                                                   ^
C:\Users\varad\OneDrive\Documents\GitHub\Matrix_Inversion\Vitis_HLS\LU_inversion\solution1\.autopilot\db\LU.pp.0.cpp:12955:68: error: Invalid Directive: for current device, ROM_1P + LUTRAM is invalid combination for BIND_STORAGE's option 'type + impl' [clang-diagnostic-error]
#pragma HLS BIND_STORAGE variable=fourth_order_double::sin_K1 type=ROM_1P impl=LUTRAM
                                                                   ^
C:\Users\varad\OneDrive\Documents\GitHub\Matrix_Inversion\Vitis_HLS\LU_inversion\solution1\.autopilot\db\LU.pp.0.cpp:12956:68: error: Invalid Directive: for current device, ROM_1P + LUTRAM is invalid combination for BIND_STORAGE's option 'type + impl' [clang-diagnostic-error]
#pragma HLS BIND_STORAGE variable=fourth_order_double::sin_K2 type=ROM_1P impl=LUTRAM
                                                                   ^
C:\Users\varad\OneDrive\Documents\GitHub\Matrix_Inversion\Vitis_HLS\LU_inversion\solution1\.autopilot\db\LU.pp.0.cpp:12957:68: error: Invalid Directive: for current device, ROM_1P + LUTRAM is invalid combination for BIND_STORAGE's option 'type + impl' [clang-diagnostic-error]
#pragma HLS BIND_STORAGE variable=fourth_order_double::sin_K3 type=ROM_1P impl=LUTRAM
                                                                   ^
C:\Users\varad\OneDrive\Documents\GitHub\Matrix_Inversion\Vitis_HLS\LU_inversion\solution1\.autopilot\db\LU.pp.0.cpp:12958:68: error: Invalid Directive: for current device, ROM_1P + LUTRAM is invalid combination for BIND_STORAGE's option 'type + impl' [clang-diagnostic-error]
#pragma HLS BIND_STORAGE variable=fourth_order_double::sin_K4 type=ROM_1P impl=LUTRAM
                                                                   ^
C:\Users\varad\OneDrive\Documents\GitHub\Matrix_Inversion\Vitis_HLS\LU_inversion\solution1\.autopilot\db\LU.pp.0.cpp:13008:71: error: Invalid Directive: for current device, ROM_1P + LUTRAM is invalid combination for BIND_STORAGE's option 'type + impl' [clang-diagnostic-error]
#pragma HLS BIND_STORAGE variable=second_order_float::sin_cos_K0 type=ROM_1P impl=LUTRAM
                                                                      ^
C:\Users\varad\OneDrive\Documents\GitHub\Matrix_Inversion\Vitis_HLS\LU_inversion\solution1\.autopilot\db\LU.pp.0.cpp:13009:71: error: Invalid Directive: for current device, ROM_1P + LUTRAM is invalid combination for BIND_STORAGE's option 'type + impl' [clang-diagnostic-error]
#pragma HLS BIND_STORAGE variable=second_order_float::sin_cos_K1 type=ROM_1P impl=LUTRAM
                                                                      ^
C:\Users\varad\OneDrive\Documents\GitHub\Matrix_Inversion\Vitis_HLS\LU_inversion\solution1\.autopilot\db\LU.pp.0.cpp:13010:71: error: Invalid Directive: for current device, ROM_1P + LUTRAM is invalid combination for BIND_STORAGE's option 'type + impl' [clang-diagnostic-error]
#pragma HLS BIND_STORAGE variable=second_order_float::sin_cos_K2 type=ROM_1P impl=LUTRAM
                                                                      ^
C:\Users\varad\OneDrive\Documents\GitHub\Matrix_Inversion\Vitis_HLS\LU_inversion\solution1\.autopilot\db\LU.pp.0.cpp:13037:67: error: Invalid Directive: for current device, ROM_1P + LUTRAM is invalid combination for BIND_STORAGE's option 'type + impl' [clang-diagnostic-error]
#pragma HLS BIND_STORAGE variable=second_order_float::cos_K0 type=ROM_1P impl=LUTRAM
                                                                  ^
C:\Users\varad\OneDrive\Documents\GitHub\Matrix_Inversion\Vitis_HLS\LU_inversion\solution1\.autopilot\db\LU.pp.0.cpp:13038:67: error: Invalid Directive: for current device, ROM_1P + LUTRAM is invalid combination for BIND_STORAGE's option 'type + impl' [clang-diagnostic-error]
#pragma HLS BIND_STORAGE variable=second_order_float::cos_K1 type=ROM_1P impl=LUTRAM
                                                                  ^
C:\Users\varad\OneDrive\Documents\GitHub\Matrix_Inversion\Vitis_HLS\LU_inversion\solution1\.autopilot\db\LU.pp.0.cpp:13039:67: error: Invalid Directive: for current device, ROM_1P + LUTRAM is invalid combination for BIND_STORAGE's option 'type + impl' [clang-diagnostic-error]
#pragma HLS BIND_STORAGE variable=second_order_float::cos_K2 type=ROM_1P impl=LUTRAM
                                                                  ^
C:\Users\varad\OneDrive\Documents\GitHub\Matrix_Inversion\Vitis_HLS\LU_inversion\solution1\.autopilot\db\LU.pp.0.cpp:13040:67: error: Invalid Directive: for current device, ROM_1P + LUTRAM is invalid combination for BIND_STORAGE's option 'type + impl' [clang-diagnostic-error]
#pragma HLS BIND_STORAGE variable=second_order_float::sin_K0 type=ROM_1P impl=LUTRAM
                                                                  ^
C:\Users\varad\OneDrive\Documents\GitHub\Matrix_Inversion\Vitis_HLS\LU_inversion\solution1\.autopilot\db\LU.pp.0.cpp:13041:67: error: Invalid Directive: for current device, ROM_1P + LUTRAM is invalid combination for BIND_STORAGE's option 'type + impl' [clang-diagnostic-error]
#pragma HLS BIND_STORAGE variable=second_order_float::sin_K1 type=ROM_1P impl=LUTRAM
                                                                  ^
C:\Users\varad\OneDrive\Documents\GitHub\Matrix_Inversion\Vitis_HLS\LU_inversion\solution1\.autopilot\db\LU.pp.0.cpp:13042:67: error: Invalid Directive: for current device, ROM_1P + LUTRAM is invalid combination for BIND_STORAGE's option 'type + impl' [clang-diagnostic-error]
#pragma HLS BIND_STORAGE variable=second_order_float::sin_K2 type=ROM_1P impl=LUTRAM
                                                                  ^
C:\Users\varad\OneDrive\Documents\GitHub\Matrix_Inversion\Vitis_HLS\LU_inversion\solution1\.autopilot\db\LU.pp.0.cpp:13078:73: error: Invalid Directive: for current device, ROM_1P + LUTRAM is invalid combination for BIND_STORAGE's option 'type + impl' [clang-diagnostic-error]
#pragma HLS BIND_STORAGE variable=first_order_fixed_16::sin_cos_K0 type=ROM_1P impl=LUTRAM
                                                                        ^
C:\Users\varad\OneDrive\Documents\GitHub\Matrix_Inversion\Vitis_HLS\LU_inversion\solution1\.autopilot\db\LU.pp.0.cpp:13079:73: error: Invalid Directive: for current device, ROM_1P + LUTRAM is invalid combination for BIND_STORAGE's option 'type + impl' [clang-diagnostic-error]
#pragma HLS BIND_STORAGE variable=first_order_fixed_16::sin_cos_K1 type=ROM_1P impl=LUTRAM
                                                                        ^
C:\Users\varad\OneDrive\Documents\GitHub\Matrix_Inversion\Vitis_HLS\LU_inversion\solution1\.autopilot\db\LU.pp.0.cpp:13353:5: warning: Added loop label VITIS_LOOP_61_1:   [xilinx-label-all-loops]
    for (int n=0; n<Nmax; n++){
    ^~~
    VITIS_LOOP_61_1: 
C:\Users\varad\OneDrive\Documents\GitHub\Matrix_Inversion\Vitis_HLS\LU_inversion\solution1\.autopilot\db\LU.pp.0.cpp:13353:5: note: FIX-IT applied suggested code changes
C:\Users\varad\OneDrive\Documents\GitHub\Matrix_Inversion\Vitis_HLS\LU_inversion\solution1\.autopilot\db\LU.pp.0.cpp:13399:5: warning: Added loop label VITIS_LOOP_117_1:   [xilinx-label-all-loops]
    for (int n=0; n<Nmax; n++){
    ^~~
    VITIS_LOOP_117_1: 
C:\Users\varad\OneDrive\Documents\GitHub\Matrix_Inversion\Vitis_HLS\LU_inversion\solution1\.autopilot\db\LU.pp.0.cpp:13399:5: note: FIX-IT applied suggested code changes
C:\Users\varad\OneDrive\Documents\GitHub\Matrix_Inversion\Vitis_HLS\LU_inversion\solution1\.autopilot\db\LU.pp.0.cpp:13562:9: warning: Added loop label VITIS_LOOP_289_1:   [xilinx-label-all-loops]
        for(int i=0;i<W-1;i++){
        ^~~
        VITIS_LOOP_289_1: 
C:\Users\varad\OneDrive\Documents\GitHub\Matrix_Inversion\Vitis_HLS\LU_inversion\solution1\.autopilot\db\LU.pp.0.cpp:13562:9: note: FIX-IT applied suggested code changes
C:\Users\varad\OneDrive\Documents\GitHub\Matrix_Inversion\Vitis_HLS\LU_inversion\solution1\.autopilot\db\LU.pp.0.cpp:13714:9: warning: Added loop label VITIS_LOOP_449_1:   [xilinx-label-all-loops]
        for(int i=0;i<W-1;i++){
        ^~~
        VITIS_LOOP_449_1: 
C:\Users\varad\OneDrive\Documents\GitHub\Matrix_Inversion\Vitis_HLS\LU_inversion\solution1\.autopilot\db\LU.pp.0.cpp:13714:9: note: FIX-IT applied suggested code changes
C:\Users\varad\OneDrive\Documents\GitHub\Matrix_Inversion\Vitis_HLS\LU_inversion\solution1\.autopilot\db\LU.pp.0.cpp:13894:5: warning: Added loop label VITIS_LOOP_629_1:   [xilinx-label-all-loops]
    for(int i=0;i<W+1;i++){
    ^~~
    VITIS_LOOP_629_1: 
C:\Users\varad\OneDrive\Documents\GitHub\Matrix_Inversion\Vitis_HLS\LU_inversion\solution1\.autopilot\db\LU.pp.0.cpp:13894:5: note: FIX-IT applied suggested code changes
C:\Users\varad\OneDrive\Documents\GitHub\Matrix_Inversion\Vitis_HLS\LU_inversion\solution1\.autopilot\db\LU.pp.0.cpp:13898:5: warning: Added loop label VITIS_LOOP_633_2:   [xilinx-label-all-loops]
    for(int i=0;i<W+1;i++){
    ^~~
    VITIS_LOOP_633_2: 
C:\Users\varad\OneDrive\Documents\GitHub\Matrix_Inversion\Vitis_HLS\LU_inversion\solution1\.autopilot\db\LU.pp.0.cpp:13898:5: note: FIX-IT applied suggested code changes
C:\Users\varad\OneDrive\Documents\GitHub\Matrix_Inversion\Vitis_HLS\LU_inversion\solution1\.autopilot\db\LU.pp.0.cpp:14008:5: warning: Added loop label VITIS_LOOP_743_1:   [xilinx-label-all-loops]
    for (int n=0; n<Nmax; n++){
    ^~~
    VITIS_LOOP_743_1: 
C:\Users\varad\OneDrive\Documents\GitHub\Matrix_Inversion\Vitis_HLS\LU_inversion\solution1\.autopilot\db\LU.pp.0.cpp:14008:5: note: FIX-IT applied suggested code changes
C:\Users\varad\OneDrive\Documents\GitHub\Matrix_Inversion\Vitis_HLS\LU_inversion\solution1\.autopilot\db\LU.pp.0.cpp:14098:7: warning: Added loop label VITIS_LOOP_840_1:   [xilinx-label-all-loops]
      for(int i=0;i<W-1;i++){
      ^~~
      VITIS_LOOP_840_1: 
C:\Users\varad\OneDrive\Documents\GitHub\Matrix_Inversion\Vitis_HLS\LU_inversion\solution1\.autopilot\db\LU.pp.0.cpp:14098:7: note: FIX-IT applied suggested code changes
C:\Users\varad\OneDrive\Documents\GitHub\Matrix_Inversion\Vitis_HLS\LU_inversion\solution1\.autopilot\db\LU.pp.0.cpp:14117:7: warning: Added loop label VITIS_LOOP_859_2:   [xilinx-label-all-loops]
      for(int i=0;i<W-1;i++){
      ^~~
      VITIS_LOOP_859_2: 
C:\Users\varad\OneDrive\Documents\GitHub\Matrix_Inversion\Vitis_HLS\LU_inversion\solution1\.autopilot\db\LU.pp.0.cpp:14117:7: note: FIX-IT applied suggested code changes
C:\Users\varad\OneDrive\Documents\GitHub\Matrix_Inversion\Vitis_HLS\LU_inversion\solution1\.autopilot\db\LU.pp.0.cpp:14407:5: warning: Added loop label VITIS_LOOP_1173_1:   [xilinx-label-all-loops]
    for(int i=0; i<Nmax; i++) {
    ^~~
    VITIS_LOOP_1173_1: 
C:\Users\varad\OneDrive\Documents\GitHub\Matrix_Inversion\Vitis_HLS\LU_inversion\solution1\.autopilot\db\LU.pp.0.cpp:14407:5: note: FIX-IT applied suggested code changes
C:\Users\varad\OneDrive\Documents\GitHub\Matrix_Inversion\Vitis_HLS\LU_inversion\solution1\.autopilot\db\LU.pp.0.cpp:14490:5: warning: Added loop label VITIS_LOOP_1256_1:   [xilinx-label-all-loops]
    for(int i=0; i<Nmax; i++) {
    ^~~
    VITIS_LOOP_1256_1: 
C:\Users\varad\OneDrive\Documents\GitHub\Matrix_Inversion\Vitis_HLS\LU_inversion\solution1\.autopilot\db\LU.pp.0.cpp:14490:5: note: FIX-IT applied suggested code changes
C:\Users\varad\OneDrive\Documents\GitHub\Matrix_Inversion\Vitis_HLS\LU_inversion\solution1\.autopilot\db\LU.pp.0.cpp:14896:13: warning: Added loop label VITIS_LOOP_68_1:   [xilinx-label-all-loops]
            for (int j = 3; j >= I_+1; j--) {
            ^~~
            VITIS_LOOP_68_1: 
C:\Users\varad\OneDrive\Documents\GitHub\Matrix_Inversion\Vitis_HLS\LU_inversion\solution1\.autopilot\db\LU.pp.0.cpp:14896:13: note: FIX-IT applied suggested code changes
C:\Users\varad\OneDrive\Documents\GitHub\Matrix_Inversion\Vitis_HLS\LU_inversion\solution1\.autopilot\db\LU.pp.0.cpp:14902:17: warning: Added loop label VITIS_LOOP_74_2:   [xilinx-label-all-loops]
                for (int j = 3; j >= I_+1; j--){
                ^~~
                VITIS_LOOP_74_2: 
C:\Users\varad\OneDrive\Documents\GitHub\Matrix_Inversion\Vitis_HLS\LU_inversion\solution1\.autopilot\db\LU.pp.0.cpp:14902:17: note: FIX-IT applied suggested code changes
C:\Users\varad\OneDrive\Documents\GitHub\Matrix_Inversion\Vitis_HLS\LU_inversion\solution1\.autopilot\db\LU.pp.0.cpp:14906:17: warning: Added loop label VITIS_LOOP_78_3:   [xilinx-label-all-loops]
                for (int j = I_; j >= 0; j--){
                ^~~
                VITIS_LOOP_78_3: 
C:\Users\varad\OneDrive\Documents\GitHub\Matrix_Inversion\Vitis_HLS\LU_inversion\solution1\.autopilot\db\LU.pp.0.cpp:14906:17: note: FIX-IT applied suggested code changes
C:\Users\varad\OneDrive\Documents\GitHub\Matrix_Inversion\Vitis_HLS\LU_inversion\solution1\.autopilot\db\LU.pp.0.cpp:14954:13: warning: Added loop label VITIS_LOOP_145_4:   [xilinx-label-all-loops]
            for (int j = 9; j >= I_+4; j--) {
            ^~~
            VITIS_LOOP_145_4: 
C:\Users\varad\OneDrive\Documents\GitHub\Matrix_Inversion\Vitis_HLS\LU_inversion\solution1\.autopilot\db\LU.pp.0.cpp:14954:13: note: FIX-IT applied suggested code changes
C:\Users\varad\OneDrive\Documents\GitHub\Matrix_Inversion\Vitis_HLS\LU_inversion\solution1\.autopilot\db\LU.pp.0.cpp:14960:17: warning: Added loop label VITIS_LOOP_151_5:   [xilinx-label-all-loops]
                for (int j = 9; j >= I_+4; j--){
                ^~~
                VITIS_LOOP_151_5: 
C:\Users\varad\OneDrive\Documents\GitHub\Matrix_Inversion\Vitis_HLS\LU_inversion\solution1\.autopilot\db\LU.pp.0.cpp:14960:17: note: FIX-IT applied suggested code changes
C:\Users\varad\OneDrive\Documents\GitHub\Matrix_Inversion\Vitis_HLS\LU_inversion\solution1\.autopilot\db\LU.pp.0.cpp:14964:17: warning: Added loop label VITIS_LOOP_155_6:   [xilinx-label-all-loops]
                for (int j = I_+3; j >= 0; j--){
                ^~~
                VITIS_LOOP_155_6: 
C:\Users\varad\OneDrive\Documents\GitHub\Matrix_Inversion\Vitis_HLS\LU_inversion\solution1\.autopilot\db\LU.pp.0.cpp:14964:17: note: FIX-IT applied suggested code changes
C:\Users\varad\OneDrive\Documents\GitHub\Matrix_Inversion\Vitis_HLS\LU_inversion\solution1\.autopilot\db\LU.pp.0.cpp:14979:9: warning: Added loop label VITIS_LOOP_170_7:   [xilinx-label-all-loops]
        for (int j = 14; j < 22; j++){
        ^~~
        VITIS_LOOP_170_7: 
C:\Users\varad\OneDrive\Documents\GitHub\Matrix_Inversion\Vitis_HLS\LU_inversion\solution1\.autopilot\db\LU.pp.0.cpp:14979:9: note: FIX-IT applied suggested code changes
C:\Users\varad\OneDrive\Documents\GitHub\Matrix_Inversion\Vitis_HLS\LU_inversion\solution1\.autopilot\db\LU.pp.0.cpp:14987:17: warning: Added loop label VITIS_LOOP_178_8:   [xilinx-label-all-loops]
                for (int j = 0; j < 22; j++){
                ^~~
                VITIS_LOOP_178_8: 
C:\Users\varad\OneDrive\Documents\GitHub\Matrix_Inversion\Vitis_HLS\LU_inversion\solution1\.autopilot\db\LU.pp.0.cpp:14987:17: note: FIX-IT applied suggested code changes
C:\Users\varad\OneDrive\Documents\GitHub\Matrix_Inversion\Vitis_HLS\LU_inversion\solution1\.autopilot\db\LU.pp.0.cpp:15052:13: warning: Added loop label VITIS_LOOP_243_9:   [xilinx-label-all-loops]
            for (int j = 21; j >= I_+10; j--) {
            ^~~
            VITIS_LOOP_243_9: 
C:\Users\varad\OneDrive\Documents\GitHub\Matrix_Inversion\Vitis_HLS\LU_inversion\solution1\.autopilot\db\LU.pp.0.cpp:15052:13: note: FIX-IT applied suggested code changes
C:\Users\varad\OneDrive\Documents\GitHub\Matrix_Inversion\Vitis_HLS\LU_inversion\solution1\.autopilot\db\LU.pp.0.cpp:15058:17: warning: Added loop label VITIS_LOOP_249_10:   [xilinx-label-all-loops]
                for (int j = 21; j >= I_+10; j--) {
                ^~~
                VITIS_LOOP_249_10: 
C:\Users\varad\OneDrive\Documents\GitHub\Matrix_Inversion\Vitis_HLS\LU_inversion\solution1\.autopilot\db\LU.pp.0.cpp:15058:17: note: FIX-IT applied suggested code changes
C:\Users\varad\OneDrive\Documents\GitHub\Matrix_Inversion\Vitis_HLS\LU_inversion\solution1\.autopilot\db\LU.pp.0.cpp:15062:17: warning: Added loop label VITIS_LOOP_253_11:   [xilinx-label-all-loops]
                for (int j = I_+9; j >= 0; j--) {
                ^~~
                VITIS_LOOP_253_11: 
C:\Users\varad\OneDrive\Documents\GitHub\Matrix_Inversion\Vitis_HLS\LU_inversion\solution1\.autopilot\db\LU.pp.0.cpp:15062:17: note: FIX-IT applied suggested code changes
C:\Users\varad\OneDrive\Documents\GitHub\Matrix_Inversion\Vitis_HLS\LU_inversion\solution1\.autopilot\db\LU.pp.0.cpp:15077:9: warning: Added loop label VITIS_LOOP_268_12:   [xilinx-label-all-loops]
        for (int j = 27; j < 46; j++){
        ^~~
        VITIS_LOOP_268_12: 
C:\Users\varad\OneDrive\Documents\GitHub\Matrix_Inversion\Vitis_HLS\LU_inversion\solution1\.autopilot\db\LU.pp.0.cpp:15077:9: note: FIX-IT applied suggested code changes
C:\Users\varad\OneDrive\Documents\GitHub\Matrix_Inversion\Vitis_HLS\LU_inversion\solution1\.autopilot\db\LU.pp.0.cpp:15085:17: warning: Added loop label VITIS_LOOP_276_13:   [xilinx-label-all-loops]
                for (int j = 0; j < 46; j++) {
                ^~~
                VITIS_LOOP_276_13: 
C:\Users\varad\OneDrive\Documents\GitHub\Matrix_Inversion\Vitis_HLS\LU_inversion\solution1\.autopilot\db\LU.pp.0.cpp:15085:17: note: FIX-IT applied suggested code changes
C:\Users\varad\OneDrive\Documents\GitHub\Matrix_Inversion\Vitis_HLS\LU_inversion\solution1\.autopilot\db\LU.pp.0.cpp:15314:13: warning: Added loop label VITIS_LOOP_505_14:   [xilinx-label-all-loops]
            for (int j = 45; j >= I_+22; j--) {
            ^~~
            VITIS_LOOP_505_14: 
C:\Users\varad\OneDrive\Documents\GitHub\Matrix_Inversion\Vitis_HLS\LU_inversion\solution1\.autopilot\db\LU.pp.0.cpp:15314:13: note: FIX-IT applied suggested code changes
C:\Users\varad\OneDrive\Documents\GitHub\Matrix_Inversion\Vitis_HLS\LU_inversion\solution1\.autopilot\db\LU.pp.0.cpp:15320:17: warning: Added loop label VITIS_LOOP_511_15:   [xilinx-label-all-loops]
                for (int j = 45; j >= I_+22; j--){
                ^~~
                VITIS_LOOP_511_15: 
C:\Users\varad\OneDrive\Documents\GitHub\Matrix_Inversion\Vitis_HLS\LU_inversion\solution1\.autopilot\db\LU.pp.0.cpp:15320:17: note: FIX-IT applied suggested code changes
C:\Users\varad\OneDrive\Documents\GitHub\Matrix_Inversion\Vitis_HLS\LU_inversion\solution1\.autopilot\db\LU.pp.0.cpp:15324:17: warning: Added loop label VITIS_LOOP_515_16:   [xilinx-label-all-loops]
                for (int j = I_+21; j >= 0; j--) {
                ^~~
                VITIS_LOOP_515_16: 
C:\Users\varad\OneDrive\Documents\GitHub\Matrix_Inversion\Vitis_HLS\LU_inversion\solution1\.autopilot\db\LU.pp.0.cpp:15324:17: note: FIX-IT applied suggested code changes
C:\Users\varad\OneDrive\Documents\GitHub\Matrix_Inversion\Vitis_HLS\LU_inversion\solution1\.autopilot\db\LU.pp.0.cpp:15334:9: warning: Added loop label VITIS_LOOP_525_17:   [xilinx-label-all-loops]
        for (int j = 32-F_; j < 32+I_; j++){
        ^~~
        VITIS_LOOP_525_17: 
C:\Users\varad\OneDrive\Documents\GitHub\Matrix_Inversion\Vitis_HLS\LU_inversion\solution1\.autopilot\db\LU.pp.0.cpp:15334:9: note: FIX-IT applied suggested code changes
C:\Users\varad\OneDrive\Documents\GitHub\Matrix_Inversion\Vitis_HLS\LU_inversion\solution1\.autopilot\db\LU.pp.0.cpp:15338:9: warning: Added loop label VITIS_LOOP_529_18:   [xilinx-label-all-loops]
        for (int j = 32+I_; j <= 64; j++){
        ^~~
        VITIS_LOOP_529_18: 
C:\Users\varad\OneDrive\Documents\GitHub\Matrix_Inversion\Vitis_HLS\LU_inversion\solution1\.autopilot\db\LU.pp.0.cpp:15338:9: note: FIX-IT applied suggested code changes
C:\Users\varad\OneDrive\Documents\GitHub\Matrix_Inversion\Vitis_HLS\LU_inversion\solution1\.autopilot\db\LU.pp.0.cpp:15348:9: warning: Added loop label VITIS_LOOP_539_19:   [xilinx-label-all-loops]
        for (int j = 37; j < 64; j++) {
        ^~~
        VITIS_LOOP_539_19: 
C:\Users\varad\OneDrive\Documents\GitHub\Matrix_Inversion\Vitis_HLS\LU_inversion\solution1\.autopilot\db\LU.pp.0.cpp:15348:9: note: FIX-IT applied suggested code changes
C:\Users\varad\OneDrive\Documents\GitHub\Matrix_Inversion\Vitis_HLS\LU_inversion\solution1\.autopilot\db\LU.pp.0.cpp:15356:17: warning: Added loop label VITIS_LOOP_547_20:   [xilinx-label-all-loops]
                for (int j = 0; j < 64; j++){
                ^~~
                VITIS_LOOP_547_20: 
C:\Users\varad\OneDrive\Documents\GitHub\Matrix_Inversion\Vitis_HLS\LU_inversion\solution1\.autopilot\db\LU.pp.0.cpp:15356:17: note: FIX-IT applied suggested code changes
C:\Users\varad\OneDrive\Documents\GitHub\Matrix_Inversion\Vitis_HLS\LU_inversion\solution1\.autopilot\db\LU.pp.0.cpp:15717:13: warning: Added loop label VITIS_LOOP_908_21:   [xilinx-label-all-loops]
            for (int j = 63; j >= I_+31; j--) {
            ^~~
            VITIS_LOOP_908_21: 
C:\Users\varad\OneDrive\Documents\GitHub\Matrix_Inversion\Vitis_HLS\LU_inversion\solution1\.autopilot\db\LU.pp.0.cpp:15717:13: note: FIX-IT applied suggested code changes
C:\Users\varad\OneDrive\Documents\GitHub\Matrix_Inversion\Vitis_HLS\LU_inversion\solution1\.autopilot\db\LU.pp.0.cpp:15723:17: warning: Added loop label VITIS_LOOP_914_22:   [xilinx-label-all-loops]
                for (int j = 63; j >= I_+31; j--) {
                ^~~
                VITIS_LOOP_914_22: 
C:\Users\varad\OneDrive\Documents\GitHub\Matrix_Inversion\Vitis_HLS\LU_inversion\solution1\.autopilot\db\LU.pp.0.cpp:15723:17: note: FIX-IT applied suggested code changes
C:\Users\varad\OneDrive\Documents\GitHub\Matrix_Inversion\Vitis_HLS\LU_inversion\solution1\.autopilot\db\LU.pp.0.cpp:15727:17: warning: Added loop label VITIS_LOOP_918_23:   [xilinx-label-all-loops]
                for (int j = I_+30; j >= 0; j--) {
                ^~~
                VITIS_LOOP_918_23: 
C:\Users\varad\OneDrive\Documents\GitHub\Matrix_Inversion\Vitis_HLS\LU_inversion\solution1\.autopilot\db\LU.pp.0.cpp:15727:17: note: FIX-IT applied suggested code changes
C:\Users\varad\OneDrive\Documents\GitHub\Matrix_Inversion\Vitis_HLS\LU_inversion\solution1\.autopilot\db\LU.pp.0.cpp:15843:13: warning: Added loop label VITIS_LOOP_1034_1:   [xilinx-label-all-loops]
            for (int j = 4; j >= I_+1; j--) {
            ^~~
            VITIS_LOOP_1034_1: 
C:\Users\varad\OneDrive\Documents\GitHub\Matrix_Inversion\Vitis_HLS\LU_inversion\solution1\.autopilot\db\LU.pp.0.cpp:15843:13: note: FIX-IT applied suggested code changes
C:\Users\varad\OneDrive\Documents\GitHub\Matrix_Inversion\Vitis_HLS\LU_inversion\solution1\.autopilot\db\LU.pp.0.cpp:15849:17: warning: Added loop label VITIS_LOOP_1040_2:   [xilinx-label-all-loops]
                for (int j = 4; j >= I_+1; j--) {
                ^~~
                VITIS_LOOP_1040_2: 
C:\Users\varad\OneDrive\Documents\GitHub\Matrix_Inversion\Vitis_HLS\LU_inversion\solution1\.autopilot\db\LU.pp.0.cpp:15849:17: note: FIX-IT applied suggested code changes
C:\Users\varad\OneDrive\Documents\GitHub\Matrix_Inversion\Vitis_HLS\LU_inversion\solution1\.autopilot\db\LU.pp.0.cpp:15853:17: warning: Added loop label VITIS_LOOP_1044_3:   [xilinx-label-all-loops]
                for (int j = I_; j >= 0; j--) {
                ^~~
                VITIS_LOOP_1044_3: 
C:\Users\varad\OneDrive\Documents\GitHub\Matrix_Inversion\Vitis_HLS\LU_inversion\solution1\.autopilot\db\LU.pp.0.cpp:15853:17: note: FIX-IT applied suggested code changes
C:\Users\varad\OneDrive\Documents\GitHub\Matrix_Inversion\Vitis_HLS\LU_inversion\solution1\.autopilot\db\LU.pp.0.cpp:15940:13: warning: Added loop label VITIS_LOOP_1131_4:   [xilinx-label-all-loops]
            for (int j = 10; j >= I_+4; j--) {
            ^~~
            VITIS_LOOP_1131_4: 
C:\Users\varad\OneDrive\Documents\GitHub\Matrix_Inversion\Vitis_HLS\LU_inversion\solution1\.autopilot\db\LU.pp.0.cpp:15940:13: note: FIX-IT applied suggested code changes
C:\Users\varad\OneDrive\Documents\GitHub\Matrix_Inversion\Vitis_HLS\LU_inversion\solution1\.autopilot\db\LU.pp.0.cpp:15946:17: warning: Added loop label VITIS_LOOP_1137_5:   [xilinx-label-all-loops]
                for (int j = 10; j >= I_+4; j--) {
                ^~~
                VITIS_LOOP_1137_5: 
C:\Users\varad\OneDrive\Documents\GitHub\Matrix_Inversion\Vitis_HLS\LU_inversion\solution1\.autopilot\db\LU.pp.0.cpp:15946:17: note: FIX-IT applied suggested code changes
C:\Users\varad\OneDrive\Documents\GitHub\Matrix_Inversion\Vitis_HLS\LU_inversion\solution1\.autopilot\db\LU.pp.0.cpp:15950:17: warning: Added loop label VITIS_LOOP_1141_6:   [xilinx-label-all-loops]
                for (int j = I_+3; j >= 0; j--) {
                ^~~
                VITIS_LOOP_1141_6: 
C:\Users\varad\OneDrive\Documents\GitHub\Matrix_Inversion\Vitis_HLS\LU_inversion\solution1\.autopilot\db\LU.pp.0.cpp:15950:17: note: FIX-IT applied suggested code changes
C:\Users\varad\OneDrive\Documents\GitHub\Matrix_Inversion\Vitis_HLS\LU_inversion\solution1\.autopilot\db\LU.pp.0.cpp:15969:9: warning: Added loop label VITIS_LOOP_1160_7:   [xilinx-label-all-loops]
        for (int j = wf+3; j < w-1; j++) {
        ^~~
        VITIS_LOOP_1160_7: 
C:\Users\varad\OneDrive\Documents\GitHub\Matrix_Inversion\Vitis_HLS\LU_inversion\solution1\.autopilot\db\LU.pp.0.cpp:15969:9: note: FIX-IT applied suggested code changes
C:\Users\varad\OneDrive\Documents\GitHub\Matrix_Inversion\Vitis_HLS\LU_inversion\solution1\.autopilot\db\LU.pp.0.cpp:15976:17: warning: Added loop label VITIS_LOOP_1167_8:   [xilinx-label-all-loops]
                for (int j = 0; j < 22; j++) {
                ^~~
                VITIS_LOOP_1167_8: 
C:\Users\varad\OneDrive\Documents\GitHub\Matrix_Inversion\Vitis_HLS\LU_inversion\solution1\.autopilot\db\LU.pp.0.cpp:15976:17: note: FIX-IT applied suggested code changes
C:\Users\varad\OneDrive\Documents\GitHub\Matrix_Inversion\Vitis_HLS\LU_inversion\solution1\.autopilot\db\LU.pp.0.cpp:16092:13: warning: Added loop label VITIS_LOOP_1283_9:   [xilinx-label-all-loops]
            for (int j = 22; j >= I_+10; j--) {
            ^~~
            VITIS_LOOP_1283_9: 
C:\Users\varad\OneDrive\Documents\GitHub\Matrix_Inversion\Vitis_HLS\LU_inversion\solution1\.autopilot\db\LU.pp.0.cpp:16092:13: note: FIX-IT applied suggested code changes
C:\Users\varad\OneDrive\Documents\GitHub\Matrix_Inversion\Vitis_HLS\LU_inversion\solution1\.autopilot\db\LU.pp.0.cpp:16098:17: warning: Added loop label VITIS_LOOP_1289_10:   [xilinx-label-all-loops]
                for (int j = 22; j >= I_+10; j--){
                ^~~
                VITIS_LOOP_1289_10: 
C:\Users\varad\OneDrive\Documents\GitHub\Matrix_Inversion\Vitis_HLS\LU_inversion\solution1\.autopilot\db\LU.pp.0.cpp:16098:17: note: FIX-IT applied suggested code changes
C:\Users\varad\OneDrive\Documents\GitHub\Matrix_Inversion\Vitis_HLS\LU_inversion\solution1\.autopilot\db\LU.pp.0.cpp:16102:17: warning: Added loop label VITIS_LOOP_1293_11:   [xilinx-label-all-loops]
                for (int j = I_+9; j >= 0; j--) {
                ^~~
                VITIS_LOOP_1293_11: 
C:\Users\varad\OneDrive\Documents\GitHub\Matrix_Inversion\Vitis_HLS\LU_inversion\solution1\.autopilot\db\LU.pp.0.cpp:16102:17: note: FIX-IT applied suggested code changes
C:\Users\varad\OneDrive\Documents\GitHub\Matrix_Inversion\Vitis_HLS\LU_inversion\solution1\.autopilot\db\LU.pp.0.cpp:16122:9: warning: Added loop label VITIS_LOOP_1313_12:   [xilinx-label-all-loops]
        for (int j = wf+4; j < w-1; j++){
        ^~~
        VITIS_LOOP_1313_12: 
C:\Users\varad\OneDrive\Documents\GitHub\Matrix_Inversion\Vitis_HLS\LU_inversion\solution1\.autopilot\db\LU.pp.0.cpp:16122:9: note: FIX-IT applied suggested code changes
C:\Users\varad\OneDrive\Documents\GitHub\Matrix_Inversion\Vitis_HLS\LU_inversion\solution1\.autopilot\db\LU.pp.0.cpp:16129:17: warning: Added loop label VITIS_LOOP_1320_13:   [xilinx-label-all-loops]
                for (int j = 0; j < 46; j++) {
                ^~~
                VITIS_LOOP_1320_13: 
C:\Users\varad\OneDrive\Documents\GitHub\Matrix_Inversion\Vitis_HLS\LU_inversion\solution1\.autopilot\db\LU.pp.0.cpp:16129:17: note: FIX-IT applied suggested code changes
C:\Users\varad\OneDrive\Documents\GitHub\Matrix_Inversion\Vitis_HLS\LU_inversion\solution1\.autopilot\db\LU.pp.0.cpp:16391:13: warning: Added loop label VITIS_LOOP_1582_14:   [xilinx-label-all-loops]
            for (int j = 46; j >= I_+22; j--) {
            ^~~
            VITIS_LOOP_1582_14: 
C:\Users\varad\OneDrive\Documents\GitHub\Matrix_Inversion\Vitis_HLS\LU_inversion\solution1\.autopilot\db\LU.pp.0.cpp:16391:13: note: FIX-IT applied suggested code changes
C:\Users\varad\OneDrive\Documents\GitHub\Matrix_Inversion\Vitis_HLS\LU_inversion\solution1\.autopilot\db\LU.pp.0.cpp:16397:17: warning: Added loop label VITIS_LOOP_1588_15:   [xilinx-label-all-loops]
                for (int j = 46; j >= I_+22; j--) {
                ^~~
                VITIS_LOOP_1588_15: 
C:\Users\varad\OneDrive\Documents\GitHub\Matrix_Inversion\Vitis_HLS\LU_inversion\solution1\.autopilot\db\LU.pp.0.cpp:16397:17: note: FIX-IT applied suggested code changes
C:\Users\varad\OneDrive\Documents\GitHub\Matrix_Inversion\Vitis_HLS\LU_inversion\solution1\.autopilot\db\LU.pp.0.cpp:16401:17: warning: Added loop label VITIS_LOOP_1592_16:   [xilinx-label-all-loops]
                for (int j = I_+21; j >= 0; j--) {
                ^~~
                VITIS_LOOP_1592_16: 
C:\Users\varad\OneDrive\Documents\GitHub\Matrix_Inversion\Vitis_HLS\LU_inversion\solution1\.autopilot\db\LU.pp.0.cpp:16401:17: note: FIX-IT applied suggested code changes
C:\Users\varad\OneDrive\Documents\GitHub\Matrix_Inversion\Vitis_HLS\LU_inversion\solution1\.autopilot\db\LU.pp.0.cpp:16425:9: warning: Added loop label VITIS_LOOP_1616_17:   [xilinx-label-all-loops]
        for (int j = wf+5; j < w-1; j++){
        ^~~
        VITIS_LOOP_1616_17: 
C:\Users\varad\OneDrive\Documents\GitHub\Matrix_Inversion\Vitis_HLS\LU_inversion\solution1\.autopilot\db\LU.pp.0.cpp:16425:9: note: FIX-IT applied suggested code changes
C:\Users\varad\OneDrive\Documents\GitHub\Matrix_Inversion\Vitis_HLS\LU_inversion\solution1\.autopilot\db\LU.pp.0.cpp:16432:17: warning: Added loop label VITIS_LOOP_1623_18:   [xilinx-label-all-loops]
                for (int j = 0; j < 64; j++) {
                ^~~
                VITIS_LOOP_1623_18: 
C:\Users\varad\OneDrive\Documents\GitHub\Matrix_Inversion\Vitis_HLS\LU_inversion\solution1\.autopilot\db\LU.pp.0.cpp:16432:17: note: FIX-IT applied suggested code changes
C:\Users\varad\OneDrive\Documents\GitHub\Matrix_Inversion\Vitis_HLS\LU_inversion\solution1\.autopilot\db\LU.pp.0.cpp:16862:13: warning: Added loop label VITIS_LOOP_2053_19:   [xilinx-label-all-loops]
            for (int j = 64; j >= I_+31; j--) {
            ^~~
            VITIS_LOOP_2053_19: 
C:\Users\varad\OneDrive\Documents\GitHub\Matrix_Inversion\Vitis_HLS\LU_inversion\solution1\.autopilot\db\LU.pp.0.cpp:16862:13: note: FIX-IT applied suggested code changes
C:\Users\varad\OneDrive\Documents\GitHub\Matrix_Inversion\Vitis_HLS\LU_inversion\solution1\.autopilot\db\LU.pp.0.cpp:16868:17: warning: Added loop label VITIS_LOOP_2059_20:   [xilinx-label-all-loops]
                for (int j = 64; j >= I_+31; j--) {
                ^~~
                VITIS_LOOP_2059_20: 
C:\Users\varad\OneDrive\Documents\GitHub\Matrix_Inversion\Vitis_HLS\LU_inversion\solution1\.autopilot\db\LU.pp.0.cpp:16868:17: note: FIX-IT applied suggested code changes
C:\Users\varad\OneDrive\Documents\GitHub\Matrix_Inversion\Vitis_HLS\LU_inversion\solution1\.autopilot\db\LU.pp.0.cpp:16872:17: warning: Added loop label VITIS_LOOP_2063_21:   [xilinx-label-all-loops]
                for (int j = I_+30; j >= 0; j--) {
                ^~~
                VITIS_LOOP_2063_21: 
C:\Users\varad\OneDrive\Documents\GitHub\Matrix_Inversion\Vitis_HLS\LU_inversion\solution1\.autopilot\db\LU.pp.0.cpp:16872:17: note: FIX-IT applied suggested code changes
C:\Users\varad\OneDrive\Documents\GitHub\Matrix_Inversion\Vitis_HLS\LU_inversion\solution1\.autopilot\db\LU.pp.0.cpp:17002:13: warning: Added loop label VITIS_LOOP_2193_1:   [xilinx-label-all-loops]
            for(int j=3; j>=I+1; j--) {
            ^~~
            VITIS_LOOP_2193_1: 
C:\Users\varad\OneDrive\Documents\GitHub\Matrix_Inversion\Vitis_HLS\LU_inversion\solution1\.autopilot\db\LU.pp.0.cpp:17002:13: note: FIX-IT applied suggested code changes
C:\Users\varad\OneDrive\Documents\GitHub\Matrix_Inversion\Vitis_HLS\LU_inversion\solution1\.autopilot\db\LU.pp.0.cpp:17009:17: warning: Added loop label VITIS_LOOP_2200_2:   [xilinx-label-all-loops]
                for(int j=3; j>=I+1; j--) {
                ^~~
                VITIS_LOOP_2200_2: 
C:\Users\varad\OneDrive\Documents\GitHub\Matrix_Inversion\Vitis_HLS\LU_inversion\solution1\.autopilot\db\LU.pp.0.cpp:17009:17: note: FIX-IT applied suggested code changes
C:\Users\varad\OneDrive\Documents\GitHub\Matrix_Inversion\Vitis_HLS\LU_inversion\solution1\.autopilot\db\LU.pp.0.cpp:17013:17: warning: Added loop label VITIS_LOOP_2204_3:   [xilinx-label-all-loops]
                for(int j=I; j>=0; j--) {
                ^~~
                VITIS_LOOP_2204_3: 
C:\Users\varad\OneDrive\Documents\GitHub\Matrix_Inversion\Vitis_HLS\LU_inversion\solution1\.autopilot\db\LU.pp.0.cpp:17013:17: note: FIX-IT applied suggested code changes
C:\Users\varad\OneDrive\Documents\GitHub\Matrix_Inversion\Vitis_HLS\LU_inversion\solution1\.autopilot\db\LU.pp.0.cpp:17060:13: warning: Added loop label VITIS_LOOP_2251_4:   [xilinx-label-all-loops]
            for(int j=7; j>=3+I; j--) {
            ^~~
            VITIS_LOOP_2251_4: 
C:\Users\varad\OneDrive\Documents\GitHub\Matrix_Inversion\Vitis_HLS\LU_inversion\solution1\.autopilot\db\LU.pp.0.cpp:17060:13: note: FIX-IT applied suggested code changes
C:\Users\varad\OneDrive\Documents\GitHub\Matrix_Inversion\Vitis_HLS\LU_inversion\solution1\.autopilot\db\LU.pp.0.cpp:17067:17: warning: Added loop label VITIS_LOOP_2258_5:   [xilinx-label-all-loops]
                for(int j=7; j>=3+I; j--) {
                ^~~
                VITIS_LOOP_2258_5: 
C:\Users\varad\OneDrive\Documents\GitHub\Matrix_Inversion\Vitis_HLS\LU_inversion\solution1\.autopilot\db\LU.pp.0.cpp:17067:17: note: FIX-IT applied suggested code changes
C:\Users\varad\OneDrive\Documents\GitHub\Matrix_Inversion\Vitis_HLS\LU_inversion\solution1\.autopilot\db\LU.pp.0.cpp:17071:17: warning: Added loop label VITIS_LOOP_2262_6:   [xilinx-label-all-loops]
                for(int j=I+2; j>=0; j--) {
                ^~~
                VITIS_LOOP_2262_6: 
C:\Users\varad\OneDrive\Documents\GitHub\Matrix_Inversion\Vitis_HLS\LU_inversion\solution1\.autopilot\db\LU.pp.0.cpp:17071:17: note: FIX-IT applied suggested code changes
C:\Users\varad\OneDrive\Documents\GitHub\Matrix_Inversion\Vitis_HLS\LU_inversion\solution1\.autopilot\db\LU.pp.0.cpp:17089:9: warning: Added loop label VITIS_LOOP_2280_7:   [xilinx-label-all-loops]
        for(int j=11; j<16; j++) {
        ^~~
        VITIS_LOOP_2280_7: 
C:\Users\varad\OneDrive\Documents\GitHub\Matrix_Inversion\Vitis_HLS\LU_inversion\solution1\.autopilot\db\LU.pp.0.cpp:17089:9: note: FIX-IT applied suggested code changes
C:\Users\varad\OneDrive\Documents\GitHub\Matrix_Inversion\Vitis_HLS\LU_inversion\solution1\.autopilot\db\LU.pp.0.cpp:17144:13: warning: Added loop label VITIS_LOOP_2335_8:   [xilinx-label-all-loops]
            for(int j=15; j>=7+I; j--) {
            ^~~
            VITIS_LOOP_2335_8: 
C:\Users\varad\OneDrive\Documents\GitHub\Matrix_Inversion\Vitis_HLS\LU_inversion\solution1\.autopilot\db\LU.pp.0.cpp:17144:13: note: FIX-IT applied suggested code changes
C:\Users\varad\OneDrive\Documents\GitHub\Matrix_Inversion\Vitis_HLS\LU_inversion\solution1\.autopilot\db\LU.pp.0.cpp:17151:17: warning: Added loop label VITIS_LOOP_2342_9:   [xilinx-label-all-loops]
                for(int j=15; j>=7+I; j--) {
                ^~~
                VITIS_LOOP_2342_9: 
C:\Users\varad\OneDrive\Documents\GitHub\Matrix_Inversion\Vitis_HLS\LU_inversion\solution1\.autopilot\db\LU.pp.0.cpp:17151:17: note: FIX-IT applied suggested code changes
C:\Users\varad\OneDrive\Documents\GitHub\Matrix_Inversion\Vitis_HLS\LU_inversion\solution1\.autopilot\db\LU.pp.0.cpp:17155:17: warning: Added loop label VITIS_LOOP_2346_10:   [xilinx-label-all-loops]
                for(int j=6+I; j>=0; j--) {
                ^~~
                VITIS_LOOP_2346_10: 
C:\Users\varad\OneDrive\Documents\GitHub\Matrix_Inversion\Vitis_HLS\LU_inversion\solution1\.autopilot\db\LU.pp.0.cpp:17155:17: note: FIX-IT applied suggested code changes
C:\Users\varad\OneDrive\Documents\GitHub\Matrix_Inversion\Vitis_HLS\LU_inversion\solution1\.autopilot\db\LU.pp.0.cpp:17173:9: warning: Added loop label VITIS_LOOP_2364_11:   [xilinx-label-all-loops]
        for(int j=20; j<32; j++) {
        ^~~
        VITIS_LOOP_2364_11: 
C:\Users\varad\OneDrive\Documents\GitHub\Matrix_Inversion\Vitis_HLS\LU_inversion\solution1\.autopilot\db\LU.pp.0.cpp:17173:9: note: FIX-IT applied suggested code changes
C:\Users\varad\OneDrive\Documents\GitHub\Matrix_Inversion\Vitis_HLS\LU_inversion\solution1\.autopilot\db\LU.pp.0.cpp:17262:13: warning: Added loop label VITIS_LOOP_2453_12:   [xilinx-label-all-loops]
            for(int j=31; j>=I+15; j--) {
            ^~~
            VITIS_LOOP_2453_12: 
C:\Users\varad\OneDrive\Documents\GitHub\Matrix_Inversion\Vitis_HLS\LU_inversion\solution1\.autopilot\db\LU.pp.0.cpp:17262:13: note: FIX-IT applied suggested code changes
C:\Users\varad\OneDrive\Documents\GitHub\Matrix_Inversion\Vitis_HLS\LU_inversion\solution1\.autopilot\db\LU.pp.0.cpp:17269:17: warning: Added loop label VITIS_LOOP_2460_13:   [xilinx-label-all-loops]
                for(int j=31; j>=I+15; j--) {
                ^~~
                VITIS_LOOP_2460_13: 
C:\Users\varad\OneDrive\Documents\GitHub\Matrix_Inversion\Vitis_HLS\LU_inversion\solution1\.autopilot\db\LU.pp.0.cpp:17269:17: note: FIX-IT applied suggested code changes
C:\Users\varad\OneDrive\Documents\GitHub\Matrix_Inversion\Vitis_HLS\LU_inversion\solution1\.autopilot\db\LU.pp.0.cpp:17273:17: warning: Added loop label VITIS_LOOP_2464_14:   [xilinx-label-all-loops]
                for(int j=I+14; j>=0; j--) {
                ^~~
                VITIS_LOOP_2464_14: 
C:\Users\varad\OneDrive\Documents\GitHub\Matrix_Inversion\Vitis_HLS\LU_inversion\solution1\.autopilot\db\LU.pp.0.cpp:17273:17: note: FIX-IT applied suggested code changes
C:\Users\varad\OneDrive\Documents\GitHub\Matrix_Inversion\Vitis_HLS\LU_inversion\solution1\.autopilot\db\LU.pp.0.cpp:17283:9: warning: Added loop label VITIS_LOOP_2474_15:   [xilinx-label-all-loops]
        for(int j=32-F; j<32+I; j++) {
        ^~~
        VITIS_LOOP_2474_15: 
C:\Users\varad\OneDrive\Documents\GitHub\Matrix_Inversion\Vitis_HLS\LU_inversion\solution1\.autopilot\db\LU.pp.0.cpp:17283:9: note: FIX-IT applied suggested code changes
C:\Users\varad\OneDrive\Documents\GitHub\Matrix_Inversion\Vitis_HLS\LU_inversion\solution1\.autopilot\db\LU.pp.0.cpp:17287:9: warning: Added loop label VITIS_LOOP_2478_16:   [xilinx-label-all-loops]
        for(int j=32+I; j<=64; j++) {
        ^~~
        VITIS_LOOP_2478_16: 
C:\Users\varad\OneDrive\Documents\GitHub\Matrix_Inversion\Vitis_HLS\LU_inversion\solution1\.autopilot\db\LU.pp.0.cpp:17287:9: note: FIX-IT applied suggested code changes
C:\Users\varad\OneDrive\Documents\GitHub\Matrix_Inversion\Vitis_HLS\LU_inversion\solution1\.autopilot\db\LU.pp.0.cpp:17298:9: warning: Added loop label VITIS_LOOP_2489_17:   [xilinx-label-all-loops]
        for(int j=37; j<64; j++) {
        ^~~
        VITIS_LOOP_2489_17: 
C:\Users\varad\OneDrive\Documents\GitHub\Matrix_Inversion\Vitis_HLS\LU_inversion\solution1\.autopilot\db\LU.pp.0.cpp:17298:9: note: FIX-IT applied suggested code changes
C:\Users\varad\OneDrive\Documents\GitHub\Matrix_Inversion\Vitis_HLS\LU_inversion\solution1\.autopilot\db\LU.pp.0.cpp:17306:17: warning: Added loop label VITIS_LOOP_2497_18:   [xilinx-label-all-loops]
                for(int j=0; j<64; j++) {
                ^~~
                VITIS_LOOP_2497_18: 
C:\Users\varad\OneDrive\Documents\GitHub\Matrix_Inversion\Vitis_HLS\LU_inversion\solution1\.autopilot\db\LU.pp.0.cpp:17306:17: note: FIX-IT applied suggested code changes
C:\Users\varad\OneDrive\Documents\GitHub\Matrix_Inversion\Vitis_HLS\LU_inversion\solution1\.autopilot\db\LU.pp.0.cpp:17631:13: warning: Added loop label VITIS_LOOP_2822_19:   [xilinx-label-all-loops]
            for(int j=63; j>=I+31; j--) {
            ^~~
            VITIS_LOOP_2822_19: 
C:\Users\varad\OneDrive\Documents\GitHub\Matrix_Inversion\Vitis_HLS\LU_inversion\solution1\.autopilot\db\LU.pp.0.cpp:17631:13: note: FIX-IT applied suggested code changes
C:\Users\varad\OneDrive\Documents\GitHub\Matrix_Inversion\Vitis_HLS\LU_inversion\solution1\.autopilot\db\LU.pp.0.cpp:17638:17: warning: Added loop label VITIS_LOOP_2829_20:   [xilinx-label-all-loops]
                for(int j=63; j>=I+31; j--) {
                ^~~
                VITIS_LOOP_2829_20: 
C:\Users\varad\OneDrive\Documents\GitHub\Matrix_Inversion\Vitis_HLS\LU_inversion\solution1\.autopilot\db\LU.pp.0.cpp:17638:17: note: FIX-IT applied suggested code changes
C:\Users\varad\OneDrive\Documents\GitHub\Matrix_Inversion\Vitis_HLS\LU_inversion\solution1\.autopilot\db\LU.pp.0.cpp:17642:17: warning: Added loop label VITIS_LOOP_2833_21:   [xilinx-label-all-loops]
                for(int j=I+30; j>=0; j--) {
                ^~~
                VITIS_LOOP_2833_21: 
C:\Users\varad\OneDrive\Documents\GitHub\Matrix_Inversion\Vitis_HLS\LU_inversion\solution1\.autopilot\db\LU.pp.0.cpp:17642:17: note: FIX-IT applied suggested code changes
C:\Users\varad\OneDrive\Documents\GitHub\Matrix_Inversion\Vitis_HLS\LU_inversion\solution1\.autopilot\db\LU.pp.0.cpp:17730:4: warning: Added loop label VITIS_LOOP_2921_1:   [xilinx-label-all-loops]
   for(int j = 5; j>=I_+2; j--) {
   ^~~
   VITIS_LOOP_2921_1: 
C:\Users\varad\OneDrive\Documents\GitHub\Matrix_Inversion\Vitis_HLS\LU_inversion\solution1\.autopilot\db\LU.pp.0.cpp:17730:4: note: FIX-IT applied suggested code changes
C:\Users\varad\OneDrive\Documents\GitHub\Matrix_Inversion\Vitis_HLS\LU_inversion\solution1\.autopilot\db\LU.pp.0.cpp:17737:5: warning: Added loop label VITIS_LOOP_2928_2:   [xilinx-label-all-loops]
    for(int j = 5; j>=I_+2; j--) {
    ^~~
    VITIS_LOOP_2928_2: 
C:\Users\varad\OneDrive\Documents\GitHub\Matrix_Inversion\Vitis_HLS\LU_inversion\solution1\.autopilot\db\LU.pp.0.cpp:17737:5: note: FIX-IT applied suggested code changes
C:\Users\varad\OneDrive\Documents\GitHub\Matrix_Inversion\Vitis_HLS\LU_inversion\solution1\.autopilot\db\LU.pp.0.cpp:17741:5: warning: Added loop label VITIS_LOOP_2932_3:   [xilinx-label-all-loops]
    for(int j = I_+1; j>=0; j--) {
    ^~~
    VITIS_LOOP_2932_3: 
C:\Users\varad\OneDrive\Documents\GitHub\Matrix_Inversion\Vitis_HLS\LU_inversion\solution1\.autopilot\db\LU.pp.0.cpp:17741:5: note: FIX-IT applied suggested code changes
C:\Users\varad\OneDrive\Documents\GitHub\Matrix_Inversion\Vitis_HLS\LU_inversion\solution1\.autopilot\db\LU.pp.0.cpp:17756:3: warning: Added loop label VITIS_LOOP_2947_4:   [xilinx-label-all-loops]
  for(int j = 11; j >=7; j--) {
  ^~~
  VITIS_LOOP_2947_4: 
C:\Users\varad\OneDrive\Documents\GitHub\Matrix_Inversion\Vitis_HLS\LU_inversion\solution1\.autopilot\db\LU.pp.0.cpp:17756:3: note: FIX-IT applied suggested code changes
C:\Users\varad\OneDrive\Documents\GitHub\Matrix_Inversion\Vitis_HLS\LU_inversion\solution1\.autopilot\db\LU.pp.0.cpp:17788:4: warning: Added loop label VITIS_LOOP_2979_5:   [xilinx-label-all-loops]
   for(int j = 11; j >= I_+5; j--) {
   ^~~
   VITIS_LOOP_2979_5: 
C:\Users\varad\OneDrive\Documents\GitHub\Matrix_Inversion\Vitis_HLS\LU_inversion\solution1\.autopilot\db\LU.pp.0.cpp:17788:4: note: FIX-IT applied suggested code changes
C:\Users\varad\OneDrive\Documents\GitHub\Matrix_Inversion\Vitis_HLS\LU_inversion\solution1\.autopilot\db\LU.pp.0.cpp:17795:5: warning: Added loop label VITIS_LOOP_2986_6:   [xilinx-label-all-loops]
    for(int j = 11; j>= I_+5; j--) {
    ^~~
    VITIS_LOOP_2986_6: 
C:\Users\varad\OneDrive\Documents\GitHub\Matrix_Inversion\Vitis_HLS\LU_inversion\solution1\.autopilot\db\LU.pp.0.cpp:17795:5: note: FIX-IT applied suggested code changes
C:\Users\varad\OneDrive\Documents\GitHub\Matrix_Inversion\Vitis_HLS\LU_inversion\solution1\.autopilot\db\LU.pp.0.cpp:17799:5: warning: Added loop label VITIS_LOOP_2990_7:   [xilinx-label-all-loops]
    for(int j = I_+4; j>=0; j--) {
    ^~~
    VITIS_LOOP_2990_7: 
C:\Users\varad\OneDrive\Documents\GitHub\Matrix_Inversion\Vitis_HLS\LU_inversion\solution1\.autopilot\db\LU.pp.0.cpp:17799:5: note: FIX-IT applied suggested code changes
C:\Users\varad\OneDrive\Documents\GitHub\Matrix_Inversion\Vitis_HLS\LU_inversion\solution1\.autopilot\db\LU.pp.0.cpp:17814:3: warning: Added loop label VITIS_LOOP_3005_8:   [xilinx-label-all-loops]
  for(int j = 25; j>=15; j--) {
  ^~~
  VITIS_LOOP_3005_8: 
C:\Users\varad\OneDrive\Documents\GitHub\Matrix_Inversion\Vitis_HLS\LU_inversion\solution1\.autopilot\db\LU.pp.0.cpp:17814:3: note: FIX-IT applied suggested code changes
C:\Users\varad\OneDrive\Documents\GitHub\Matrix_Inversion\Vitis_HLS\LU_inversion\solution1\.autopilot\db\LU.pp.0.cpp:17864:4: warning: Added loop label VITIS_LOOP_3055_9:   [xilinx-label-all-loops]
   for(int j = 25; j>= I_+12; j--) {
   ^~~
   VITIS_LOOP_3055_9: 
C:\Users\varad\OneDrive\Documents\GitHub\Matrix_Inversion\Vitis_HLS\LU_inversion\solution1\.autopilot\db\LU.pp.0.cpp:17864:4: note: FIX-IT applied suggested code changes
C:\Users\varad\OneDrive\Documents\GitHub\Matrix_Inversion\Vitis_HLS\LU_inversion\solution1\.autopilot\db\LU.pp.0.cpp:17871:5: warning: Added loop label VITIS_LOOP_3062_10:   [xilinx-label-all-loops]
    for(int j = 25; j>=I_+12; j--) {
    ^~~
    VITIS_LOOP_3062_10: 
C:\Users\varad\OneDrive\Documents\GitHub\Matrix_Inversion\Vitis_HLS\LU_inversion\solution1\.autopilot\db\LU.pp.0.cpp:17871:5: note: FIX-IT applied suggested code changes
C:\Users\varad\OneDrive\Documents\GitHub\Matrix_Inversion\Vitis_HLS\LU_inversion\solution1\.autopilot\db\LU.pp.0.cpp:17875:5: warning: Added loop label VITIS_LOOP_3066_11:   [xilinx-label-all-loops]
    for(int j = I_+11; j>=0; j--) {
    ^~~
    VITIS_LOOP_3066_11: 
C:\Users\varad\OneDrive\Documents\GitHub\Matrix_Inversion\Vitis_HLS\LU_inversion\solution1\.autopilot\db\LU.pp.0.cpp:17875:5: note: FIX-IT applied suggested code changes
C:\Users\varad\OneDrive\Documents\GitHub\Matrix_Inversion\Vitis_HLS\LU_inversion\solution1\.autopilot\db\LU.pp.0.cpp:17890:3: warning: Added loop label VITIS_LOOP_3081_12:   [xilinx-label-all-loops]
  for(int j = 51; j >= 29; j--) {
  ^~~
  VITIS_LOOP_3081_12: 
C:\Users\varad\OneDrive\Documents\GitHub\Matrix_Inversion\Vitis_HLS\LU_inversion\solution1\.autopilot\db\LU.pp.0.cpp:17890:3: note: FIX-IT applied suggested code changes
C:\Users\varad\OneDrive\Documents\GitHub\Matrix_Inversion\Vitis_HLS\LU_inversion\solution1\.autopilot\db\LU.pp.0.cpp:18027:4: warning: Added loop label VITIS_LOOP_3218_13:   [xilinx-label-all-loops]
   for(int j = 51; j >= 25 + I_; j--) {
   ^~~
   VITIS_LOOP_3218_13: 
C:\Users\varad\OneDrive\Documents\GitHub\Matrix_Inversion\Vitis_HLS\LU_inversion\solution1\.autopilot\db\LU.pp.0.cpp:18027:4: note: FIX-IT applied suggested code changes
C:\Users\varad\OneDrive\Documents\GitHub\Matrix_Inversion\Vitis_HLS\LU_inversion\solution1\.autopilot\db\LU.pp.0.cpp:18034:5: warning: Added loop label VITIS_LOOP_3225_14:   [xilinx-label-all-loops]
    for(int j = 51; j>=25 + I_; j--) {
    ^~~
    VITIS_LOOP_3225_14: 
C:\Users\varad\OneDrive\Documents\GitHub\Matrix_Inversion\Vitis_HLS\LU_inversion\solution1\.autopilot\db\LU.pp.0.cpp:18034:5: note: FIX-IT applied suggested code changes
C:\Users\varad\OneDrive\Documents\GitHub\Matrix_Inversion\Vitis_HLS\LU_inversion\solution1\.autopilot\db\LU.pp.0.cpp:18038:5: warning: Added loop label VITIS_LOOP_3229_15:   [xilinx-label-all-loops]
    for(int j = 24 + I_; j >= 0; j--) {
    ^~~
    VITIS_LOOP_3229_15: 
C:\Users\varad\OneDrive\Documents\GitHub\Matrix_Inversion\Vitis_HLS\LU_inversion\solution1\.autopilot\db\LU.pp.0.cpp:18038:5: note: FIX-IT applied suggested code changes
C:\Users\varad\OneDrive\Documents\GitHub\Matrix_Inversion\Vitis_HLS\LU_inversion\solution1\.autopilot\db\LU.pp.0.cpp:18053:3: warning: Added loop label VITIS_LOOP_3244_16:   [xilinx-label-all-loops]
  for(int j = 63; j >= 36; j--) {
  ^~~
  VITIS_LOOP_3244_16: 
C:\Users\varad\OneDrive\Documents\GitHub\Matrix_Inversion\Vitis_HLS\LU_inversion\solution1\.autopilot\db\LU.pp.0.cpp:18053:3: note: FIX-IT applied suggested code changes
C:\Users\varad\OneDrive\Documents\GitHub\Matrix_Inversion\Vitis_HLS\LU_inversion\solution1\.autopilot\db\LU.pp.0.cpp:18213:4: warning: Added loop label VITIS_LOOP_3404_17:   [xilinx-label-all-loops]
   for(int j = 63; j >= 31 + I_; j--) {
   ^~~
   VITIS_LOOP_3404_17: 
C:\Users\varad\OneDrive\Documents\GitHub\Matrix_Inversion\Vitis_HLS\LU_inversion\solution1\.autopilot\db\LU.pp.0.cpp:18213:4: note: FIX-IT applied suggested code changes
C:\Users\varad\OneDrive\Documents\GitHub\Matrix_Inversion\Vitis_HLS\LU_inversion\solution1\.autopilot\db\LU.pp.0.cpp:18220:5: warning: Added loop label VITIS_LOOP_3411_18:   [xilinx-label-all-loops]
    for(int j = 63; j >= 31 + I_; j--) {
    ^~~
    VITIS_LOOP_3411_18: 
C:\Users\varad\OneDrive\Documents\GitHub\Matrix_Inversion\Vitis_HLS\LU_inversion\solution1\.autopilot\db\LU.pp.0.cpp:18220:5: note: FIX-IT applied suggested code changes
C:\Users\varad\OneDrive\Documents\GitHub\Matrix_Inversion\Vitis_HLS\LU_inversion\solution1\.autopilot\db\LU.pp.0.cpp:18224:5: warning: Added loop label VITIS_LOOP_3415_19:   [xilinx-label-all-loops]
    for(int j = 30 + I_; j >= 0; j--) {
    ^~~
    VITIS_LOOP_3415_19: 
C:\Users\varad\OneDrive\Documents\GitHub\Matrix_Inversion\Vitis_HLS\LU_inversion\solution1\.autopilot\db\LU.pp.0.cpp:18224:5: note: FIX-IT applied suggested code changes
C:\Users\varad\OneDrive\Documents\GitHub\Matrix_Inversion\Vitis_HLS\LU_inversion\solution1\.autopilot\db\LU.pp.0.cpp:18939:13: warning: Added loop label VITIS_LOOP_703_1:   [xilinx-label-all-loops]
            for (b_exp = I_-1; b_exp >= -F_; b_exp--) {
            ^~~
            VITIS_LOOP_703_1: 
C:\Users\varad\OneDrive\Documents\GitHub\Matrix_Inversion\Vitis_HLS\LU_inversion\solution1\.autopilot\db\LU.pp.0.cpp:18939:13: note: FIX-IT applied suggested code changes
C:\Users\varad\OneDrive\Documents\GitHub\Matrix_Inversion\Vitis_HLS\LU_inversion\solution1\.autopilot\db\LU.pp.0.cpp:19157:13: warning: Added loop label VITIS_LOOP_921_1:   [xilinx-label-all-loops]
            for (b_exp = I_-1; b_exp >= -F_; b_exp--) {
            ^~~
            VITIS_LOOP_921_1: 
C:\Users\varad\OneDrive\Documents\GitHub\Matrix_Inversion\Vitis_HLS\LU_inversion\solution1\.autopilot\db\LU.pp.0.cpp:19157:13: note: FIX-IT applied suggested code changes
C:\Users\varad\OneDrive\Documents\GitHub\Matrix_Inversion\Vitis_HLS\LU_inversion\solution1\.autopilot\db\LU.pp.0.cpp:19574:13: warning: Added loop label VITIS_LOOP_1345_1:   [xilinx-label-all-loops]
            for (b_exp = I_-1; b_exp >= -F_; b_exp--) {
            ^~~
            VITIS_LOOP_1345_1: 
C:\Users\varad\OneDrive\Documents\GitHub\Matrix_Inversion\Vitis_HLS\LU_inversion\solution1\.autopilot\db\LU.pp.0.cpp:19574:13: note: FIX-IT applied suggested code changes
C:\Users\varad\OneDrive\Documents\GitHub\Matrix_Inversion\Vitis_HLS\LU_inversion\solution1\.autopilot\db\LU.pp.0.cpp:19894:9: warning: Added loop label VITIS_LOOP_240_1:   [xilinx-label-all-loops]
        for ( int pos = msbr-1; pos >= 0; pos-- ) {
        ^~~
        VITIS_LOOP_240_1: 
C:\Users\varad\OneDrive\Documents\GitHub\Matrix_Inversion\Vitis_HLS\LU_inversion\solution1\.autopilot\db\LU.pp.0.cpp:19894:9: note: FIX-IT applied suggested code changes
C:\Users\varad\OneDrive\Documents\GitHub\Matrix_Inversion\Vitis_HLS\LU_inversion\solution1\.autopilot\db\LU.pp.0.cpp:19922:9: warning: Added loop label VITIS_LOOP_268_2:   [xilinx-label-all-loops]
        for ( int pos = -1; pos >= -F_-1; pos-- ) {
        ^~~
        VITIS_LOOP_268_2: 
C:\Users\varad\OneDrive\Documents\GitHub\Matrix_Inversion\Vitis_HLS\LU_inversion\solution1\.autopilot\db\LU.pp.0.cpp:19922:9: note: FIX-IT applied suggested code changes
C:\Users\varad\OneDrive\Documents\GitHub\Matrix_Inversion\Vitis_HLS\LU_inversion\solution1\.autopilot\db\LU.pp.0.cpp:20624:13: warning: Added loop label VITIS_LOOP_48_1:   [xilinx-label-all-loops]
            for (int j = 0; j < W_-1; j++){
            ^~~
            VITIS_LOOP_48_1: 
C:\Users\varad\OneDrive\Documents\GitHub\Matrix_Inversion\Vitis_HLS\LU_inversion\solution1\.autopilot\db\LU.pp.0.cpp:20624:13: note: FIX-IT applied suggested code changes
C:\Users\varad\OneDrive\Documents\GitHub\Matrix_Inversion\Vitis_HLS\LU_inversion\solution1\.autopilot\db\LU.pp.0.cpp:20677:5: warning: Added loop label VITIS_LOOP_109_2:   [xilinx-label-all-loops]
    for (int j = F_l+F_+I_m-1; j < F_l+W_+5; j++){
    ^~~
    VITIS_LOOP_109_2: 
C:\Users\varad\OneDrive\Documents\GitHub\Matrix_Inversion\Vitis_HLS\LU_inversion\solution1\.autopilot\db\LU.pp.0.cpp:20677:5: note: FIX-IT applied suggested code changes
C:\Users\varad\OneDrive\Documents\GitHub\Matrix_Inversion\Vitis_HLS\LU_inversion\solution1\.autopilot\db\LU.pp.0.cpp:20691:13: warning: Added loop label VITIS_LOOP_123_3:   [xilinx-label-all-loops]
            for (int j = WO_m-1; j >= W_-1; j--) {
            ^~~
            VITIS_LOOP_123_3: 
C:\Users\varad\OneDrive\Documents\GitHub\Matrix_Inversion\Vitis_HLS\LU_inversion\solution1\.autopilot\db\LU.pp.0.cpp:20691:13: note: FIX-IT applied suggested code changes
C:\Users\varad\OneDrive\Documents\GitHub\Matrix_Inversion\Vitis_HLS\LU_inversion\solution1\.autopilot\db\LU.pp.0.cpp:20721:13: warning: Added loop label VITIS_LOOP_153_4:   [xilinx-label-all-loops]
            for (int j = W_-2; j >= 0; j--){
            ^~~
            VITIS_LOOP_153_4: 
C:\Users\varad\OneDrive\Documents\GitHub\Matrix_Inversion\Vitis_HLS\LU_inversion\solution1\.autopilot\db\LU.pp.0.cpp:20721:13: note: FIX-IT applied suggested code changes
C:\Users\varad\OneDrive\Documents\GitHub\Matrix_Inversion\Vitis_HLS\LU_inversion\solution1\.autopilot\db\LU.pp.0.cpp:20806:12: warning: Added loop label VITIS_LOOP_281_1:   [xilinx-label-all-loops]
           for(int i = wf_log+we_log-2; i > WI_e - 2; --i) {
           ^~~
           VITIS_LOOP_281_1: 
C:\Users\varad\OneDrive\Documents\GitHub\Matrix_Inversion\Vitis_HLS\LU_inversion\solution1\.autopilot\db\LU.pp.0.cpp:20806:12: note: FIX-IT applied suggested code changes
C:\Users\varad\OneDrive\Documents\GitHub\Matrix_Inversion\Vitis_HLS\LU_inversion\solution1\.autopilot\db\LU.pp.0.cpp:20826:16: warning: Added loop label VITIS_LOOP_301_2:   [xilinx-label-all-loops]
               for (int j = WO_e-1; j >= W_-1; j--) {
               ^~~
               VITIS_LOOP_301_2: 
C:\Users\varad\OneDrive\Documents\GitHub\Matrix_Inversion\Vitis_HLS\LU_inversion\solution1\.autopilot\db\LU.pp.0.cpp:20826:16: note: FIX-IT applied suggested code changes
C:\Users\varad\OneDrive\Documents\GitHub\Matrix_Inversion\Vitis_HLS\LU_inversion\solution1\.autopilot\db\LU.pp.0.cpp:20840:20: warning: Added loop label VITIS_LOOP_315_3:   [xilinx-label-all-loops]
                   for(int i = 0; i < W_-1; ++i) {
                   ^~~
                   VITIS_LOOP_315_3: 
C:\Users\varad\OneDrive\Documents\GitHub\Matrix_Inversion\Vitis_HLS\LU_inversion\solution1\.autopilot\db\LU.pp.0.cpp:20840:20: note: FIX-IT applied suggested code changes
C:\Users\varad\OneDrive\Documents\GitHub\Matrix_Inversion\Vitis_HLS\LU_inversion\solution1\.autopilot\db\LU.pp.0.cpp:20933:12: warning: Added loop label VITIS_LOOP_433_1:   [xilinx-label-all-loops]
           for (int j =WO_d-1; j >= W_-1; j--) {
           ^~~
           VITIS_LOOP_433_1: 
C:\Users\varad\OneDrive\Documents\GitHub\Matrix_Inversion\Vitis_HLS\LU_inversion\solution1\.autopilot\db\LU.pp.0.cpp:20933:12: note: FIX-IT applied suggested code changes
C:\Users\varad\OneDrive\Documents\GitHub\Matrix_Inversion\Vitis_HLS\LU_inversion\solution1\.autopilot\db\LU.pp.0.cpp:20947:15: warning: Added loop label VITIS_LOOP_447_2:   [xilinx-label-all-loops]
              for(int i = 0; i < W_-1; ++i) {
              ^~~
              VITIS_LOOP_447_2: 
C:\Users\varad\OneDrive\Documents\GitHub\Matrix_Inversion\Vitis_HLS\LU_inversion\solution1\.autopilot\db\LU.pp.0.cpp:20947:15: note: FIX-IT applied suggested code changes
C:\Users\varad\OneDrive\Documents\GitHub\Matrix_Inversion\Vitis_HLS\LU_inversion\solution1\.autopilot\db\LU.pp.0.cpp:21067:13: warning: Added loop label VITIS_LOOP_33_1:   [xilinx-label-all-loops]
            for (int i = 0; i < W_-1; i++){
            ^~~
            VITIS_LOOP_33_1: 
C:\Users\varad\OneDrive\Documents\GitHub\Matrix_Inversion\Vitis_HLS\LU_inversion\solution1\.autopilot\db\LU.pp.0.cpp:21067:13: note: FIX-IT applied suggested code changes
C:\Users\varad\OneDrive\Documents\GitHub\Matrix_Inversion\Vitis_HLS\LU_inversion\solution1\.autopilot\db\LU.pp.0.cpp:21191:13: warning: Added loop label VITIS_LOOP_183_1:   [xilinx-label-all-loops]
            for (int i = 0; i < W_-1; i++){
            ^~~
            VITIS_LOOP_183_1: 
C:\Users\varad\OneDrive\Documents\GitHub\Matrix_Inversion\Vitis_HLS\LU_inversion\solution1\.autopilot\db\LU.pp.0.cpp:21191:13: note: FIX-IT applied suggested code changes
C:\Users\varad\OneDrive\Documents\GitHub\Matrix_Inversion\Vitis_HLS\LU_inversion\solution1\.autopilot\db\LU.pp.0.cpp:21246:13: warning: Added loop label VITIS_LOOP_248_1:   [xilinx-label-all-loops]
            for (int i = 0; i < W_-1; i++){
            ^~~
            VITIS_LOOP_248_1: 
C:\Users\varad\OneDrive\Documents\GitHub\Matrix_Inversion\Vitis_HLS\LU_inversion\solution1\.autopilot\db\LU.pp.0.cpp:21246:13: note: FIX-IT applied suggested code changes
C:\Users\varad\OneDrive\Documents\GitHub\Matrix_Inversion\Vitis_HLS\LU_inversion\solution1\.autopilot\db\LU.pp.0.cpp:21765:2: warning: Added loop label VITIS_LOOP_16_1:   [xilinx-label-all-loops]
 for (int i=0; i<W_;i++)
 ^~~
 VITIS_LOOP_16_1: 
C:\Users\varad\OneDrive\Documents\GitHub\Matrix_Inversion\Vitis_HLS\LU_inversion\solution1\.autopilot\db\LU.pp.0.cpp:21765:2: note: FIX-IT applied suggested code changes
C:\Users\varad\OneDrive\Documents\GitHub\Matrix_Inversion\Vitis_HLS\LU_inversion\solution1\.autopilot\db\LU.pp.0.cpp:21776:2: warning: Added loop label VITIS_LOOP_27_1:   [xilinx-label-all-loops]
 for (int i=0; i<W_;i++)
 ^~~
 VITIS_LOOP_27_1: 
C:\Users\varad\OneDrive\Documents\GitHub\Matrix_Inversion\Vitis_HLS\LU_inversion\solution1\.autopilot\db\LU.pp.0.cpp:21776:2: note: FIX-IT applied suggested code changes
C:\Users\varad\OneDrive\Documents\GitHub\Matrix_Inversion\Vitis_HLS\LU_inversion\solution1\.autopilot\db\LU.pp.0.cpp:21787:2: warning: Added loop label VITIS_LOOP_38_1:   [xilinx-label-all-loops]
 for (int i=0; i<I_;i++)
 ^~~
 VITIS_LOOP_38_1: 
C:\Users\varad\OneDrive\Documents\GitHub\Matrix_Inversion\Vitis_HLS\LU_inversion\solution1\.autopilot\db\LU.pp.0.cpp:21787:2: note: FIX-IT applied suggested code changes
C:\Users\varad\OneDrive\Documents\GitHub\Matrix_Inversion\Vitis_HLS\LU_inversion\solution1\.autopilot\db\LU.pp.0.cpp:21798:2: warning: Added loop label VITIS_LOOP_49_1:   [xilinx-label-all-loops]
 for (int i=0; i<I_;i++)
 ^~~
 VITIS_LOOP_49_1: 
C:\Users\varad\OneDrive\Documents\GitHub\Matrix_Inversion\Vitis_HLS\LU_inversion\solution1\.autopilot\db\LU.pp.0.cpp:21798:2: note: FIX-IT applied suggested code changes
C:\Users\varad\OneDrive\Documents\GitHub\Matrix_Inversion\Vitis_HLS\LU_inversion\solution1\.autopilot\db\LU.pp.0.cpp:21809:2: warning: Added loop label VITIS_LOOP_60_1:   [xilinx-label-all-loops]
 for (int i=0; i<W_;i++)
 ^~~
 VITIS_LOOP_60_1: 
C:\Users\varad\OneDrive\Documents\GitHub\Matrix_Inversion\Vitis_HLS\LU_inversion\solution1\.autopilot\db\LU.pp.0.cpp:21809:2: note: FIX-IT applied suggested code changes
C:\Users\varad\OneDrive\Documents\GitHub\Matrix_Inversion\Vitis_HLS\LU_inversion\solution1\.autopilot\db\LU.pp.0.cpp:21820:2: warning: Added loop label VITIS_LOOP_71_1:   [xilinx-label-all-loops]
 for (int i=0; i<W_;i++)
 ^~~
 VITIS_LOOP_71_1: 
C:\Users\varad\OneDrive\Documents\GitHub\Matrix_Inversion\Vitis_HLS\LU_inversion\solution1\.autopilot\db\LU.pp.0.cpp:21820:2: note: FIX-IT applied suggested code changes
C:\Users\varad\OneDrive\Documents\GitHub\Matrix_Inversion\Vitis_HLS\LU_inversion\solution1\.autopilot\db\LU.pp.0.cpp:21831:2: warning: Added loop label VITIS_LOOP_82_1:   [xilinx-label-all-loops]
 for (int i=0; i<I_;i++)
 ^~~
 VITIS_LOOP_82_1: 
C:\Users\varad\OneDrive\Documents\GitHub\Matrix_Inversion\Vitis_HLS\LU_inversion\solution1\.autopilot\db\LU.pp.0.cpp:21831:2: note: FIX-IT applied suggested code changes
C:\Users\varad\OneDrive\Documents\GitHub\Matrix_Inversion\Vitis_HLS\LU_inversion\solution1\.autopilot\db\LU.pp.0.cpp:21842:2: warning: Added loop label VITIS_LOOP_93_1:   [xilinx-label-all-loops]
 for (int i=0; i<I_;i++)
 ^~~
 VITIS_LOOP_93_1: 
C:\Users\varad\OneDrive\Documents\GitHub\Matrix_Inversion\Vitis_HLS\LU_inversion\solution1\.autopilot\db\LU.pp.0.cpp:21842:2: note: FIX-IT applied suggested code changes
C:\Users\varad\OneDrive\Documents\GitHub\Matrix_Inversion\Vitis_HLS\LU_inversion\solution1\.autopilot\db\LU.pp.0.cpp:24167:12: warning: Added loop label VITIS_LOOP_26_1:   [xilinx-label-all-loops]
           for(int i = 0; i < W_-1; ++i) {
           ^~~
           VITIS_LOOP_26_1: 
C:\Users\varad\OneDrive\Documents\GitHub\Matrix_Inversion\Vitis_HLS\LU_inversion\solution1\.autopilot\db\LU.pp.0.cpp:24167:12: note: FIX-IT applied suggested code changes
C:\Users\varad\OneDrive\Documents\GitHub\Matrix_Inversion\Vitis_HLS\LU_inversion\solution1\.autopilot\db\LU.pp.0.cpp:24231:7: warning: Added loop label VITIS_LOOP_40_1:   [xilinx-label-all-loops]
      for(int pos = msbr - 1 ; pos >= -F-1; pos--) {
      ^~~
      VITIS_LOOP_40_1: 
C:\Users\varad\OneDrive\Documents\GitHub\Matrix_Inversion\Vitis_HLS\LU_inversion\solution1\.autopilot\db\LU.pp.0.cpp:24231:7: note: FIX-IT applied suggested code changes
C:\Users\varad\OneDrive\Documents\GitHub\Matrix_Inversion\Vitis_HLS\LU_inversion\solution1\.autopilot\db\LU.pp.0.cpp:24348:9: warning: Added loop label VITIS_LOOP_49_1:   [xilinx-label-all-loops]
        for(int pos = msbr - 1; pos >= 0; pos--) {
        ^~~
        VITIS_LOOP_49_1: 
C:\Users\varad\OneDrive\Documents\GitHub\Matrix_Inversion\Vitis_HLS\LU_inversion\solution1\.autopilot\db\LU.pp.0.cpp:24348:9: note: FIX-IT applied suggested code changes
C:\Users\varad\OneDrive\Documents\GitHub\Matrix_Inversion\Vitis_HLS\LU_inversion\solution1\.autopilot\db\LU.pp.0.cpp:24373:5: warning: Added loop label VITIS_LOOP_81_2:   [xilinx-label-all-loops]
    for(int pos = -1; pos >= -F-1; pos--) {
    ^~~
    VITIS_LOOP_81_2: 
C:\Users\varad\OneDrive\Documents\GitHub\Matrix_Inversion\Vitis_HLS\LU_inversion\solution1\.autopilot\db\LU.pp.0.cpp:24373:5: note: FIX-IT applied suggested code changes
C:\Users\varad\OneDrive\Documents\GitHub\Matrix_Inversion\Vitis_HLS\LU_inversion\solution1\.autopilot\db\LU.pp.0.cpp:24443:8: warning: Added loop label VITIS_LOOP_169_3:   [xilinx-label-all-loops]
       for(int i = 0; i < W - 1; ++i) {
       ^~~
       VITIS_LOOP_169_3: 
C:\Users\varad\OneDrive\Documents\GitHub\Matrix_Inversion\Vitis_HLS\LU_inversion\solution1\.autopilot\db\LU.pp.0.cpp:24443:8: note: FIX-IT applied suggested code changes
C:\Users\varad\OneDrive\Documents\GitHub\Matrix_Inversion\Vitis_HLS\LU_inversion\solution1\.autopilot\db\LU.pp.0.cpp:27467:2: warning: Added loop label VITIS_LOOP_14_1:   [xilinx-label-all-loops]
 for (int j = 0; j < 4; j++) {
 ^~~
 VITIS_LOOP_14_1: 
C:\Users\varad\OneDrive\Documents\GitHub\Matrix_Inversion\Vitis_HLS\LU_inversion\solution1\.autopilot\db\LU.pp.0.cpp:27467:2: note: FIX-IT applied suggested code changes
C:\Users\varad\OneDrive\Documents\GitHub\Matrix_Inversion\Vitis_HLS\LU_inversion\solution1\.autopilot\db\LU.pp.0.cpp:27471:5: warning: Added loop label VITIS_LOOP_18_2:   [xilinx-label-all-loops]
    for (int i = 1; i < 4; i++) {
    ^~~
    VITIS_LOOP_18_2: 
C:\Users\varad\OneDrive\Documents\GitHub\Matrix_Inversion\Vitis_HLS\LU_inversion\solution1\.autopilot\db\LU.pp.0.cpp:27471:5: note: FIX-IT applied suggested code changes
C:\Users\varad\OneDrive\Documents\GitHub\Matrix_Inversion\Vitis_HLS\LU_inversion\solution1\.autopilot\db\LU.pp.0.cpp:27482:5: warning: Added loop label VITIS_LOOP_29_1:   [xilinx-label-all-loops]
    for (int i = k + 1; i < 4; i++) {
    ^~~
    VITIS_LOOP_29_1: 
C:\Users\varad\OneDrive\Documents\GitHub\Matrix_Inversion\Vitis_HLS\LU_inversion\solution1\.autopilot\db\LU.pp.0.cpp:27482:5: note: FIX-IT applied suggested code changes
C:\Users\varad\OneDrive\Documents\GitHub\Matrix_Inversion\Vitis_HLS\LU_inversion\solution1\.autopilot\db\LU.pp.0.cpp:27491:9: warning: Added loop label VITIS_LOOP_38_2:   [xilinx-label-all-loops]
        for (int j = 0; j < 4; j++) {
        ^~~
        VITIS_LOOP_38_2: 
C:\Users\varad\OneDrive\Documents\GitHub\Matrix_Inversion\Vitis_HLS\LU_inversion\solution1\.autopilot\db\LU.pp.0.cpp:27491:9: note: FIX-IT applied suggested code changes
C:\Users\varad\OneDrive\Documents\GitHub\Matrix_Inversion\Vitis_HLS\LU_inversion\solution1\.autopilot\db\LU.pp.0.cpp:27506:2: warning: Added loop label VITIS_LOOP_53_1:   [xilinx-label-all-loops]
 for (int j = k; j < 4; j++) {
 ^~~
 VITIS_LOOP_53_1: 
C:\Users\varad\OneDrive\Documents\GitHub\Matrix_Inversion\Vitis_HLS\LU_inversion\solution1\.autopilot\db\LU.pp.0.cpp:27506:2: note: FIX-IT applied suggested code changes
C:\Users\varad\OneDrive\Documents\GitHub\Matrix_Inversion\Vitis_HLS\LU_inversion\solution1\.autopilot\db\LU.pp.0.cpp:27509:9: warning: Added loop label VITIS_LOOP_56_2:   [xilinx-label-all-loops]
        for (int p = 0; p < k; p++) {
        ^~~
        VITIS_LOOP_56_2: 
C:\Users\varad\OneDrive\Documents\GitHub\Matrix_Inversion\Vitis_HLS\LU_inversion\solution1\.autopilot\db\LU.pp.0.cpp:27509:9: note: FIX-IT applied suggested code changes
C:\Users\varad\OneDrive\Documents\GitHub\Matrix_Inversion\Vitis_HLS\LU_inversion\solution1\.autopilot\db\LU.pp.0.cpp:27519:2: warning: Added loop label VITIS_LOOP_66_1:   [xilinx-label-all-loops]
 for (int i = k + 1; i < 4; i++) {
 ^~~
 VITIS_LOOP_66_1: 
C:\Users\varad\OneDrive\Documents\GitHub\Matrix_Inversion\Vitis_HLS\LU_inversion\solution1\.autopilot\db\LU.pp.0.cpp:27519:2: note: FIX-IT applied suggested code changes
C:\Users\varad\OneDrive\Documents\GitHub\Matrix_Inversion\Vitis_HLS\LU_inversion\solution1\.autopilot\db\LU.pp.0.cpp:27522:9: warning: Added loop label VITIS_LOOP_69_2:   [xilinx-label-all-loops]
        for (int p = 0; p < k; p++) {
        ^~~
        VITIS_LOOP_69_2: 
C:\Users\varad\OneDrive\Documents\GitHub\Matrix_Inversion\Vitis_HLS\LU_inversion\solution1\.autopilot\db\LU.pp.0.cpp:27522:9: note: FIX-IT applied suggested code changes
C:\Users\varad\OneDrive\Documents\GitHub\Matrix_Inversion\Vitis_HLS\LU_inversion\solution1\.autopilot\db\LU.pp.0.cpp:27533:2: warning: Added loop label VITIS_LOOP_80_1:   [xilinx-label-all-loops]
 for (int i = 0; i < 4; i++) {
 ^~~
 VITIS_LOOP_80_1: 
C:\Users\varad\OneDrive\Documents\GitHub\Matrix_Inversion\Vitis_HLS\LU_inversion\solution1\.autopilot\db\LU.pp.0.cpp:27533:2: note: FIX-IT applied suggested code changes
C:\Users\varad\OneDrive\Documents\GitHub\Matrix_Inversion\Vitis_HLS\LU_inversion\solution1\.autopilot\db\LU.pp.0.cpp:27535:2: warning: Added loop label VITIS_LOOP_82_2:   [xilinx-label-all-loops]
 for (int j = 0; j < 4; j++) {
 ^~~
 VITIS_LOOP_82_2: 
C:\Users\varad\OneDrive\Documents\GitHub\Matrix_Inversion\Vitis_HLS\LU_inversion\solution1\.autopilot\db\LU.pp.0.cpp:27535:2: note: FIX-IT applied suggested code changes
C:\Users\varad\OneDrive\Documents\GitHub\Matrix_Inversion\Vitis_HLS\LU_inversion\solution1\.autopilot\db\LU.pp.0.cpp:27550:2: warning: Added loop label VITIS_LOOP_97_1:   [xilinx-label-all-loops]
 for (int i = 0; i < 4; i++) P[i] = i;
 ^~~
 VITIS_LOOP_97_1: 
C:\Users\varad\OneDrive\Documents\GitHub\Matrix_Inversion\Vitis_HLS\LU_inversion\solution1\.autopilot\db\LU.pp.0.cpp:27550:2: note: FIX-IT applied suggested code changes
C:\Users\varad\OneDrive\Documents\GitHub\Matrix_Inversion\Vitis_HLS\LU_inversion\solution1\.autopilot\db\LU.pp.0.cpp:27556:5: warning: Added loop label VITIS_LOOP_103_2:   [xilinx-label-all-loops]
    for (int k = 1; k < 4; k++) {
    ^~~
    VITIS_LOOP_103_2: 
C:\Users\varad\OneDrive\Documents\GitHub\Matrix_Inversion\Vitis_HLS\LU_inversion\solution1\.autopilot\db\LU.pp.0.cpp:27556:5: note: FIX-IT applied suggested code changes
C:\Users\varad\OneDrive\Documents\GitHub\Matrix_Inversion\Vitis_HLS\LU_inversion\solution1\.autopilot\db\LU.pp.0.cpp:27572:2: warning: Added loop label VITIS_LOOP_119_1:   [xilinx-label-all-loops]
 for (int col = 0; col < 4; col++) {
 ^~~
 VITIS_LOOP_119_1: 
C:\Users\varad\OneDrive\Documents\GitHub\Matrix_Inversion\Vitis_HLS\LU_inversion\solution1\.autopilot\db\LU.pp.0.cpp:27572:2: note: FIX-IT applied suggested code changes
C:\Users\varad\OneDrive\Documents\GitHub\Matrix_Inversion\Vitis_HLS\LU_inversion\solution1\.autopilot\db\LU.pp.0.cpp:27574:2: warning: Added loop label VITIS_LOOP_121_2:   [xilinx-label-all-loops]
 for (int i = 0; i < 4; i++) {
 ^~~
 VITIS_LOOP_121_2: 
C:\Users\varad\OneDrive\Documents\GitHub\Matrix_Inversion\Vitis_HLS\LU_inversion\solution1\.autopilot\db\LU.pp.0.cpp:27574:2: note: FIX-IT applied suggested code changes
C:\Users\varad\OneDrive\Documents\GitHub\Matrix_Inversion\Vitis_HLS\LU_inversion\solution1\.autopilot\db\LU.pp.0.cpp:27576:13: warning: Added loop label VITIS_LOOP_123_3:   [xilinx-label-all-loops]
            for (int j = 0; j < i; j++) {
            ^~~
            VITIS_LOOP_123_3: 
C:\Users\varad\OneDrive\Documents\GitHub\Matrix_Inversion\Vitis_HLS\LU_inversion\solution1\.autopilot\db\LU.pp.0.cpp:27576:13: note: FIX-IT applied suggested code changes
C:\Users\varad\OneDrive\Documents\GitHub\Matrix_Inversion\Vitis_HLS\LU_inversion\solution1\.autopilot\db\LU.pp.0.cpp:27629:9: warning: Added loop label VITIS_LOOP_172_1:   [xilinx-label-all-loops]
        for (int j = 0; j < 4; j++) {
        ^~~
        VITIS_LOOP_172_1: 
C:\Users\varad\OneDrive\Documents\GitHub\Matrix_Inversion\Vitis_HLS\LU_inversion\solution1\.autopilot\db\LU.pp.0.cpp:27629:9: note: FIX-IT applied suggested code changes
C:\Users\varad\OneDrive\Documents\GitHub\Matrix_Inversion\Vitis_HLS\LU_inversion\solution1\.autopilot\db\LU.pp.0.cpp:27640:9: warning: Added loop label VITIS_LOOP_183_2:   [xilinx-label-all-loops]
        for (int j = 0; j < 4; j++) {
        ^~~
        VITIS_LOOP_183_2: 
C:\Users\varad\OneDrive\Documents\GitHub\Matrix_Inversion\Vitis_HLS\LU_inversion\solution1\.autopilot\db\LU.pp.0.cpp:27640:9: note: FIX-IT applied suggested code changes
C:\Users\varad\OneDrive\Documents\GitHub\Matrix_Inversion\Vitis_HLS\LU_inversion\solution1\.autopilot\db\LU.pp.0.cpp:27656:9: warning: Added loop label VITIS_LOOP_199_3:   [xilinx-label-all-loops]
        for (int j = 0; j < 4; j++) {
        ^~~
        VITIS_LOOP_199_3: 
C:\Users\varad\OneDrive\Documents\GitHub\Matrix_Inversion\Vitis_HLS\LU_inversion\solution1\.autopilot\db\LU.pp.0.cpp:27656:9: note: FIX-IT applied suggested code changes
C:\Users\varad\OneDrive\Documents\GitHub\Matrix_Inversion\Vitis_HLS\LU_inversion\solution1\.autopilot\db\LU.pp.0.cpp:27680:9: warning: Added loop label VITIS_LOOP_223_4:   [xilinx-label-all-loops]
        for (int j = 0; j < 4; j++) {
        ^~~
        VITIS_LOOP_223_4: 
C:\Users\varad\OneDrive\Documents\GitHub\Matrix_Inversion\Vitis_HLS\LU_inversion\solution1\.autopilot\db\LU.pp.0.cpp:27680:9: note: FIX-IT applied suggested code changes
